#
# There is insufficient memory for the Java Runtime Environment to continue.
# Native memory allocation (mmap) failed to map 132120576 bytes for Failed to commit area from 0x0000000082000000 to 0x0000000089e00000 of length 132120576.
# Possible reasons:
#   The system is out of physical RAM or swap space
#   The process is running with CompressedOops enabled, and the Java Heap may be blocking the growth of the native heap
# Possible solutions:
#   Reduce memory load on the system
#   Increase physical memory or swap space
#   Check if swap backing store is full
#   Decrease Java heap size (-Xmx/-Xms)
#   Decrease number of Java threads
#   Decrease Java thread stack sizes (-Xss)
#   Set larger code cache with -XX:ReservedCodeCacheSize=
# This output file may be truncated or incomplete.
#
#  Out of Memory Error (./src/hotspot/os/windows/os_windows.cpp:3521), pid=11280, tid=3464
#
# JRE version:  (11.0.12+7) (build )
# Java VM: OpenJDK 64-Bit Server VM (11.0.12+7-b1504.28, mixed mode, sharing, tiered, compressed oops, g1 gc, windows-amd64)
# No core dump will be written. Minidumps are not enabled by default on client versions of Windows
#

---------------  S U M M A R Y ------------

Command Line: git4idea.http.GitAskPassApp Username for 'https://github.com': 

Host: Intel(R) Core(TM) i5-7200U CPU @ 2.50GHz, 4 cores, 7G,  Windows 10 , 64 bit Build 17763 (10.0.17763.475)
Time: Fri Oct  1 14:50:39 2021 Eastern Daylight Time elapsed time: 0.038119 seconds (0d 0h 0m 0s)

---------------  T H R E A D  ---------------

Current thread (0x0000018a09672800):  JavaThread "Unknown thread" [_thread_in_vm, id=3464, stack(0x0000008929d00000,0x0000008929e00000)]

Stack: [0x0000008929d00000,0x0000008929e00000]
Native frames: (J=compiled Java code, j=interpreted, Vv=VM code, C=native code)
V  [jvm.dll+0x5ff40a]
V  [jvm.dll+0x783b65]
V  [jvm.dll+0x78517d]
V  [jvm.dll+0x785833]
V  [jvm.dll+0x249408]
V  [jvm.dll+0x5fc7f4]
V  [jvm.dll+0x5f13c5]
V  [jvm.dll+0x3076bb]
V  [jvm.dll+0x30762a]
V  [jvm.dll+0x307502]
V  [jvm.dll+0x30c466]
V  [jvm.dll+0x355543]
V  [jvm.dll+0x355c46]
V  [jvm.dll+0x355643]
V  [jvm.dll+0x2e2018]
V  [jvm.dll+0x2e31c7]
V  [jvm.dll+0x761f57]
V  [jvm.dll+0x76374c]
V  [jvm.dll+0x362ab9]
V  [jvm.dll+0x7455be]
V  [jvm.dll+0x3cb673]
V  [jvm.dll+0x3cda21]
C  [jli.dll+0x536b]
C  [ucrtbase.dll+0x2268a]
C  [KERNEL32.DLL+0x17974]
C  [ntdll.dll+0x5a0b1]


---------------  P R O C E S S  ---------------

Threads class SMR info:
_java_thread_list=0x0000018a09569be0, length=0, elements={
}

Java Threads: ( => current thread )

Other Threads:
  0x0000018a0968d800 GCTaskThread "GC Thread#0" [stack: 0x0000008929e00000,0x0000008929f00000] [id=16876]
  0x0000018a096be000 ConcurrentGCThread "G1 Main Marker" [stack: 0x0000008929f00000,0x000000892a000000] [id=2120]
  0x0000018a096bf000 ConcurrentGCThread "G1 Conc#0" [stack: 0x000000892a000000,0x000000892a100000] [id=7820]

[error occurred during error reporting (printing all threads), id 0xc0000005, EXCEPTION_ACCESS_VIOLATION (0xc0000005) at pc=0x00007fff3f3827a7]

VM state:not at safepoint (not fully initialized)

VM Mutex/Monitor currently owned by a thread:  ([mutex/lock_event])
[0x0000018a09670010] Heap_lock - owner thread: 0x0000018a09672800

Heap address: 0x0000000082000000, size: 2016 MB, Compressed Oops mode: Non-zero based: 0x0000000082000000
Narrow klass base: 0x0000000000000000, Narrow klass shift: 0

GC Heap History (0 events):
No events

Deoptimization events (0 events):
No events

Classes redefined (0 events):
No events

Internal exceptions (0 events):
No events

Events (1 events):
Event: 0.025 Loaded shared library D:\Program Files\JetBrains\IntelliJ IDEA 2021.2.2\jbr\bin\zip.dll


Dynamic libraries:
0x00007ff68e050000 - 0x00007ff68e05a000 	D:\Program Files\JetBrains\IntelliJ IDEA 2021.2.2\jbr\bin\java.exe
0x00007fffa1520000 - 0x00007fffa170d000 	C:\WINDOWS\SYSTEM32\ntdll.dll
0x00007fffa0db0000 - 0x00007fffa0e63000 	C:\WINDOWS\System32\KERNEL32.DLL
0x00007fff9d9f0000 - 0x00007fff9dc85000 	C:\WINDOWS\System32\KERNELBASE.dll
0x00007fff9d6b0000 - 0x00007fff9d7aa000 	C:\WINDOWS\System32\ucrtbase.dll
0x00007fff99490000 - 0x00007fff994a9000 	D:\Program Files\JetBrains\IntelliJ IDEA 2021.2.2\jbr\bin\jli.dll
0x00007fffa0930000 - 0x00007fffa0ac7000 	C:\WINDOWS\System32\USER32.dll
0x00007fff9e4a0000 - 0x00007fff9e4c0000 	C:\WINDOWS\System32\win32u.dll
0x00007fffa0090000 - 0x00007fffa00b9000 	C:\WINDOWS\System32\GDI32.dll
0x00007fff9d7b0000 - 0x00007fff9d94c000 	C:\WINDOWS\System32\gdi32full.dll
0x00007fff9d950000 - 0x00007fff9d9f0000 	C:\WINDOWS\System32\msvcp_win.dll
0x00007fff96c70000 - 0x00007fff96c87000 	D:\Program Files\JetBrains\IntelliJ IDEA 2021.2.2\jbr\bin\VCRUNTIME140.dll
0x00007fff8a830000 - 0x00007fff8aaa9000 	C:\WINDOWS\WinSxS\amd64_microsoft.windows.common-controls_6595b64144ccf1df_6.0.17763.1577_none_de7444545348a3d0\COMCTL32.dll
0x00007fffa0b30000 - 0x00007fffa0bce000 	C:\WINDOWS\System32\msvcrt.dll
0x00007fffa0420000 - 0x00007fffa074d000 	C:\WINDOWS\System32\combase.dll
0x00007fff9fe50000 - 0x00007fff9ff72000 	C:\WINDOWS\System32\RPCRT4.dll
0x00007fff9e3f0000 - 0x00007fff9e46e000 	C:\WINDOWS\System32\bcryptPrimitives.dll
0x00007fffa0900000 - 0x00007fffa092e000 	C:\WINDOWS\System32\IMM32.DLL
0x00007fff81d70000 - 0x00007fff81e0d000 	D:\Program Files\JetBrains\IntelliJ IDEA 2021.2.2\jbr\bin\msvcp140.dll
0x00007fff3f090000 - 0x00007fff3fbe8000 	D:\Program Files\JetBrains\IntelliJ IDEA 2021.2.2\jbr\bin\server\jvm.dll
0x00007fffa00c0000 - 0x00007fffa0163000 	C:\WINDOWS\System32\ADVAPI32.dll
0x00007fffa0180000 - 0x00007fffa021e000 	C:\WINDOWS\System32\sechost.dll
0x00007fffa0170000 - 0x00007fffa0178000 	C:\WINDOWS\System32\PSAPI.DLL
0x00007fff82fa0000 - 0x00007fff82fa9000 	C:\WINDOWS\SYSTEM32\WSOCK32.dll
0x00007fffa0bd0000 - 0x00007fffa0c3d000 	C:\WINDOWS\System32\WS2_32.dll
0x00007fff91f50000 - 0x00007fff91f5a000 	C:\WINDOWS\SYSTEM32\VERSION.dll
0x00007fff9af50000 - 0x00007fff9af74000 	C:\WINDOWS\SYSTEM32\WINMM.dll
0x00007fff9ae40000 - 0x00007fff9ae6d000 	C:\WINDOWS\SYSTEM32\WINMMBASE.dll
0x00007fff9e5f0000 - 0x00007fff9e63a000 	C:\WINDOWS\System32\cfgmgr32.dll
0x00007fff9d690000 - 0x00007fff9d6a1000 	C:\WINDOWS\System32\kernel.appcore.dll
0x00007fff99470000 - 0x00007fff99481000 	D:\Program Files\JetBrains\IntelliJ IDEA 2021.2.2\jbr\bin\verify.dll
0x00007fff9bf70000 - 0x00007fff9c15d000 	C:\WINDOWS\SYSTEM32\DBGHELP.DLL
0x00007fff8a4c0000 - 0x00007fff8a4ea000 	C:\WINDOWS\SYSTEM32\dbgcore.DLL
0x00007fff96a40000 - 0x00007fff96a69000 	D:\Program Files\JetBrains\IntelliJ IDEA 2021.2.2\jbr\bin\java.dll
0x00007fff99460000 - 0x00007fff9946b000 	D:\Program Files\JetBrains\IntelliJ IDEA 2021.2.2\jbr\bin\jimage.dll
0x00007fff96a20000 - 0x00007fff96a38000 	D:\Program Files\JetBrains\IntelliJ IDEA 2021.2.2\jbr\bin\zip.dll

dbghelp: loaded successfully - version: 4.0.5 - missing functions: none
symbol engine: initialized successfully - sym options: 0x614 - pdb path: .;D:\Program Files\JetBrains\IntelliJ IDEA 2021.2.2\jbr\bin;C:\WINDOWS\SYSTEM32;C:\WINDOWS\WinSxS\amd64_microsoft.windows.common-controls_6595b64144ccf1df_6.0.17763.1577_none_de7444545348a3d0;D:\Program Files\JetBrains\IntelliJ IDEA 2021.2.2\jbr\bin\server

VM Arguments:
java_command: git4idea.http.GitAskPassApp Username for 'https://github.com': 
java_class_path (initial): D:/Program Files/JetBrains/IntelliJ IDEA 2021.2.2/plugins/git4idea/lib/git4idea-rt.jar;D:/Program Files/JetBrains/IntelliJ IDEA 2021.2.2/lib/3rd-party.jar
Launcher Type: SUN_STANDARD

[Global flags]
     intx CICompilerCount                          = 3                                         {product} {ergonomic}
     uint ConcGCThreads                            = 1                                         {product} {ergonomic}
     uint G1ConcRefinementThreads                  = 4                                         {product} {ergonomic}
   size_t G1HeapRegionSize                         = 1048576                                   {product} {ergonomic}
    uintx GCDrainStackTargetSize                   = 64                                        {product} {ergonomic}
   size_t InitialHeapSize                          = 132120576                                 {product} {ergonomic}
   size_t MarkStackSize                            = 4194304                                   {product} {ergonomic}
   size_t MaxHeapSize                              = 2113929216                                {product} {ergonomic}
   size_t MinHeapDeltaBytes                        = 1048576                                   {product} {ergonomic}
    uintx NonNMethodCodeHeapSize                   = 5830732                                {pd product} {ergonomic}
    uintx NonProfiledCodeHeapSize                  = 122913754                              {pd product} {ergonomic}
    uintx ProfiledCodeHeapSize                     = 122913754                              {pd product} {ergonomic}
    uintx ReservedCodeCacheSize                    = 251658240                              {pd product} {ergonomic}
     bool SegmentedCodeCache                       = true                                      {product} {ergonomic}
     bool UseCompressedClassPointers               = true                                 {lp64_product} {ergonomic}
     bool UseCompressedOops                        = true                                 {lp64_product} {ergonomic}
     bool UseG1GC                                  = true                                      {product} {ergonomic}
     bool UseLargePagesIndividualAllocation        = false                                  {pd product} {ergonomic}

Logging:
Log output configuration:
 #0: stdout all=warning uptime,level,tags
 #1: stderr all=off uptime,level,tags

Environment Variables:
JAVA_HOME=D:\jdks\corretto-1.8.0_292
PATH=D:\Program Files\Git\mingw64\libexec\git-core;D:\Program Files\Git\mingw64\libexec\git-core;D:\Program Files\Git\mingw64\bin;D:\Program Files\Git\usr\bin;C:\Users\Gang\bin;D:\openjdk-14.0.2_windows-x64_bin\jdk-14.0.2\bin;C:\Program Files\Python37\Scripts;C:\Program Files\Python37;C:\Program Files (x86)\Intel\iCLS Client;C:\Program Files\Intel\iCLS Client;C:\WINDOWS\system32;C:\WINDOWS;C:\WINDOWS\System32\Wbem;C:\WINDOWS\System32\WindowsPowerShell\v1.0;C:\Program Files\Intel\WiFi\bin;C:\Users\Gang;C:\Program Files\dotnet;C:\Program Files\Microsoft SQL Server\130\Tools\Binn;C:\Program Files\Microsoft SQL Server\Client SDK\ODBC\170\Tools\Binn;C:\Program Files\Common Files\Intel\WirelessCommon;C:\WINDOWS\System32\OpenSSH;D:\Program Files\Git\cmd;E:\Program Files (x86)\DevDesktop\drush_9;D:\Program Files\nodejs;C:\Program Files (x86)\Intel\Intel(R) Management Engine Components\DAL;C:\Program Files\Intel\Intel(R) Management Engine Components\DAL;C:\Program Files\Intel\WiFi\bin;C:\Program Files\Common Files\Intel\WirelessCommon;C:\ProgramData\ComposerSetup\bin;C:\wamp64\bin\php\php7.2.25;C:\wamp64\bin\mysql\mysql5.6.44\bin;D:\Program Files (x86)\DevDesktop\tools;D:\Program Files (x86)\DevDesktop\drush_10;D:\apache-maven-3.5.2\bin;D:\jdks\corretto-1.8.0_292\bin;C:\Users\Gang\.windows-build-tools\python27;D:\Program Files\nodejs\node_modules\npm\node_modules\npm-lifecycle\node-gyp-bin;C:\Users\Gang\AppData\Roaming\npm\node_modules\windows-build-tools\node_modules\.bin;C:\Users\Gang\AppData\Roaming\npm\node_modules\.bin;C:\Program Files\Python37\Scripts;C:\Program Files\Python37;C:\Program Files\Java\jdk-12.0.1\bin;C:\Program Files (x86)\Common Files\Oracle\Java\javapath;C:\Program Files (x86)\Intel\iCLS Client;C:\Program Files\Intel\iCLS Client;C:\WINDOWS\system32;C:\WINDOWS;C:\WINDOWS\System32\Wbem;C:\WINDOWS\System32\WindowsPowerShell\v1.0;C:\Program Files\Intel\WiFi\bin;C:\Users\Gang;C:\Program Files\dotnet;C:\Program Files\Microsoft SQL Server\130\Tools\Binn;C:\Program
USERNAME=Gang
DISPLAY=:0.0
LC_ALL=en_US.UTF-8
OS=Windows_NT
PROCESSOR_IDENTIFIER=Intel64 Family 6 Model 142 Stepping 9, GenuineIntel



---------------  S Y S T E M  ---------------

OS: Windows 10 , 64 bit Build 17763 (10.0.17763.475)
OS uptime: 0 days 4:41 hours

CPU:total 4 (initial active 4) (2 cores per cpu, 2 threads per core) family 6 model 142 stepping 9 microcode 0xb4, cmov, cx8, fxsr, mmx, sse, sse2, sse3, ssse3, sse4.1, sse4.2, popcnt, avx, avx2, aes, clmul, erms, 3dnowpref, lzcnt, ht, tsc, tscinvbit, bmi1, bmi2, adx, fma

Memory: 4k page, system-wide physical 8061M (373M free)
TotalPageFile size 13000M (AvailPageFile size 108M)
current process WorkingSet (physical memory assigned to process): 9M, peak: 9M
current process commit charge ("private bytes"): 51M, peak: 177M

vm_info: OpenJDK 64-Bit Server VM (11.0.12+7-b1504.28) for windows-amd64 JRE (11.0.12+7-b1504.28), built on Sep  3 2021 08:39:15 by "" with MS VC++ 14.0 (VS2015)

END.
