#
# There is insufficient memory for the Java Runtime Environment to continue.
# Native memory allocation (malloc) failed to allocate 32744 bytes for ChunkPool::allocate
# Possible reasons:
#   The system is out of physical RAM or swap space
#   The process is running with CompressedOops enabled, and the Java Heap may be blocking the growth of the native heap
# Possible solutions:
#   Reduce memory load on the system
#   Increase physical memory or swap space
#   Check if swap backing store is full
#   Decrease Java heap size (-Xmx/-Xms)
#   Decrease number of Java threads
#   Decrease Java thread stack sizes (-Xss)
#   Set larger code cache with -XX:ReservedCodeCacheSize=
#   JVM is running with Unscaled Compressed Oops mode in which the Java heap is
#     placed in the first 4GB address space. The Java Heap base address is the
#     maximum limit for the native heap growth. Please use -XX:HeapBaseMinAddress
#     to set the Java Heap base and to place the Java Heap above 4GB virtual address.
# This output file may be truncated or incomplete.
#
#  Out of Memory Error (allocation.cpp:272), pid=14144, tid=0x000000000000211c
#
# JRE version: OpenJDK Runtime Environment (8.0_292-b10) (build 1.8.0_292-b10)
# Java VM: OpenJDK 64-Bit Server VM (25.292-b10 mixed mode windows-amd64 compressed oops)
# Failed to write core dump. Minidumps are not enabled by default on client versions of Windows
#

---------------  T H R E A D  ---------------

Current thread (0x000001bc69a48800):  JavaThread "main" [_thread_in_vm, id=8476, stack(0x0000002a68600000,0x0000002a68700000)]

Stack: [0x0000002a68600000,0x0000002a68700000]
[error occurred during error reporting (printing stack bounds), id 0xc0000005]

Native frames: (J=compiled Java code, j=interpreted, Vv=VM code, C=native code)

Java frames: (J=compiled Java code, j=interpreted, Vv=VM code)
J 862  java.lang.ClassLoader.defineClass1(Ljava/lang/String;[BIILjava/security/ProtectionDomain;Ljava/lang/String;)Ljava/lang/Class; (0 bytes) @ 0x000001bc6ba1861f [0x000001bc6ba18580+0x9f]
J 798 C1 java.lang.ClassLoader.defineClass(Ljava/lang/String;[BIILjava/security/ProtectionDomain;)Ljava/lang/Class; (43 bytes) @ 0x000001bc6b9f939c [0x000001bc6b9f92a0+0xfc]
J 803 C1 java.net.URLClassLoader.defineClass(Ljava/lang/String;Lsun/misc/Resource;)Ljava/lang/Class; (142 bytes) @ 0x000001bc6b9fbf24 [0x000001bc6b9fb540+0x9e4]
J 737 C1 java.net.URLClassLoader$1.run()Ljava/lang/Class; (63 bytes) @ 0x000001bc6b9e14b4 [0x000001bc6b9e1400+0xb4]
J 736 C1 java.net.URLClassLoader$1.run()Ljava/lang/Object; (5 bytes) @ 0x000001bc6b9e10d4 [0x000001bc6b9e10a0+0x34]
v  ~StubRoutines::call_stub
J 540  java.security.AccessController.doPrivileged(Ljava/security/PrivilegedExceptionAction;Ljava/security/AccessControlContext;)Ljava/lang/Object; (0 bytes) @ 0x000001bc6b970626 [0x000001bc6b9705c0+0x66]
J 661 C1 java.net.URLClassLoader.findClass(Ljava/lang/String;)Ljava/lang/Class; (47 bytes) @ 0x000001bc6b9c3334 [0x000001bc6b9c3280+0xb4]
J 529 C1 java.lang.ClassLoader.loadClass(Ljava/lang/String;Z)Ljava/lang/Class; (122 bytes) @ 0x000001bc6b96c774 [0x000001bc6b96c460+0x314]
J 641 C1 sun.misc.Launcher$AppClassLoader.loadClass(Ljava/lang/String;Z)Ljava/lang/Class; (85 bytes) @ 0x000001bc6b9b5804 [0x000001bc6b9b5520+0x2e4]
J 634 C1 java.lang.ClassLoader.loadClass(Ljava/lang/String;)Ljava/lang/Class; (7 bytes) @ 0x000001bc6b9b3f64 [0x000001bc6b9b3f20+0x44]
v  ~StubRoutines::call_stub
J 1973  java.lang.Class.getDeclaredMethods0(Z)[Ljava/lang/reflect/Method; (0 bytes) @ 0x000001bc6bba03bb [0x000001bc6bba0380+0x3b]
J 1058 C1 java.lang.Class.privateGetDeclaredMethods(Z)[Ljava/lang/reflect/Method; (67 bytes) @ 0x000001bc6ba57a04 [0x000001bc6ba57900+0x104]
J 3117 C1 org.springframework.util.ReflectionUtils.getDeclaredMethods(Ljava/lang/Class;Z)[Ljava/lang/reflect/Method; (209 bytes) @ 0x000001bc6bdbe684 [0x000001bc6bdbe5c0+0xc4]
J 3204 C1 org.springframework.util.ReflectionUtils.doWithLocalMethods(Ljava/lang/Class;Lorg/springframework/util/ReflectionUtils$MethodCallback;)V (89 bytes) @ 0x000001bc6bdf9924 [0x000001bc6bdf9900+0x24]
j  org.springframework.beans.factory.annotation.InitDestroyAnnotationBeanPostProcessor.buildLifecycleMetadata(Ljava/lang/Class;)Lorg/springframework/beans/factory/annotation/InitDestroyAnnotationBeanPostProcessor$LifecycleMetadata;+83
j  org.springframework.beans.factory.annotation.InitDestroyAnnotationBeanPostProcessor.findLifecycleMetadata(Ljava/lang/Class;)Lorg/springframework/beans/factory/annotation/InitDestroyAnnotationBeanPostProcessor$LifecycleMetadata;+58
j  org.springframework.beans.factory.annotation.InitDestroyAnnotationBeanPostProcessor.postProcessMergedBeanDefinition(Lorg/springframework/beans/factory/support/RootBeanDefinition;Ljava/lang/Class;Ljava/lang/String;)V+2
j  org.springframework.context.annotation.CommonAnnotationBeanPostProcessor.postProcessMergedBeanDefinition(Lorg/springframework/beans/factory/support/RootBeanDefinition;Ljava/lang/Class;Ljava/lang/String;)V+4
j  org.springframework.beans.factory.support.AbstractAutowireCapableBeanFactory.applyMergedBeanDefinitionPostProcessors(Lorg/springframework/beans/factory/support/RootBeanDefinition;Ljava/lang/Class;Ljava/lang/String;)V+53
j  org.springframework.beans.factory.support.AbstractAutowireCapableBeanFactory.doCreateBean(Ljava/lang/String;Lorg/springframework/beans/factory/support/RootBeanDefinition;[Ljava/lang/Object;)Ljava/lang/Object;+90
j  org.springframework.beans.factory.support.AbstractAutowireCapableBeanFactory.createBean(Ljava/lang/String;Lorg/springframework/beans/factory/support/RootBeanDefinition;[Ljava/lang/Object;)Ljava/lang/Object;+169
j  org.springframework.beans.factory.support.AbstractBeanFactory.lambda$doGetBean$0(Ljava/lang/String;Lorg/springframework/beans/factory/support/RootBeanDefinition;[Ljava/lang/Object;)Ljava/lang/Object;+4
j  org.springframework.beans.factory.support.AbstractBeanFactory$$Lambda$162.getObject()Ljava/lang/Object;+16
j  org.springframework.beans.factory.support.DefaultSingletonBeanRegistry.getSingleton(Ljava/lang/String;Lorg/springframework/beans/factory/ObjectFactory;)Ljava/lang/Object;+132
J 2595 C1 org.springframework.beans.factory.support.AbstractBeanFactory.doGetBean(Ljava/lang/String;Ljava/lang/Class;[Ljava/lang/Object;Z)Ljava/lang/Object; (874 bytes) @ 0x000001bc6bcc383c [0x000001bc6bcc3320+0x51c]
j  org.springframework.beans.factory.support.AbstractBeanFactory.getBean(Ljava/lang/String;)Ljava/lang/Object;+5
j  org.springframework.beans.factory.config.DependencyDescriptor.resolveCandidate(Ljava/lang/String;Ljava/lang/Class;Lorg/springframework/beans/factory/BeanFactory;)Ljava/lang/Object;+2
j  org.springframework.beans.factory.support.DefaultListableBeanFactory.doResolveDependency(Lorg/springframework/beans/factory/config/DependencyDescriptor;Ljava/lang/String;Ljava/util/Set;Lorg/springframework/beans/TypeConverter;)Ljava/lang/Object;+440
j  org.springframework.beans.factory.support.DefaultListableBeanFactory.resolveDependency(Lorg/springframework/beans/factory/config/DependencyDescriptor;Ljava/lang/String;Ljava/util/Set;Lorg/springframework/beans/TypeConverter;)Ljava/lang/Object;+108
j  org.springframework.beans.factory.support.ConstructorResolver.resolveAutowiredArgument(Lorg/springframework/core/MethodParameter;Ljava/lang/String;Ljava/util/Set;Lorg/springframework/beans/TypeConverter;Z)Ljava/lang/Object;+79
j  org.springframework.beans.factory.support.ConstructorResolver.createArgumentArray(Ljava/lang/String;Lorg/springframework/beans/factory/support/RootBeanDefinition;Lorg/springframework/beans/factory/config/ConstructorArgumentValues;Lorg/springframework/beans/BeanWrapper;[Ljava/lang/Class;[Ljava/lang/String;Ljava/lang/reflect/Executable;ZZ)Lorg/springframework/beans/factory/support/ConstructorResolver$ArgumentsHolder;+434
j  org.springframework.beans.factory.support.ConstructorResolver.instantiateUsingFactoryMethod(Ljava/lang/String;Lorg/springframework/beans/factory/support/RootBeanDefinition;[Ljava/lang/Object;)Lorg/springframework/beans/BeanWrapper;+727
j  org.springframework.beans.factory.support.AbstractAutowireCapableBeanFactory.instantiateUsingFactoryMethod(Ljava/lang/String;Lorg/springframework/beans/factory/support/RootBeanDefinition;[Ljava/lang/Object;)Lorg/springframework/beans/BeanWrapper;+11
j  org.springframework.beans.factory.support.AbstractAutowireCapableBeanFactory.createBeanInstance(Ljava/lang/String;Lorg/springframework/beans/factory/support/RootBeanDefinition;[Ljava/lang/Object;)Lorg/springframework/beans/BeanWrapper;+101
j  org.springframework.beans.factory.support.AbstractAutowireCapableBeanFactory.doCreateBean(Ljava/lang/String;Lorg/springframework/beans/factory/support/RootBeanDefinition;[Ljava/lang/Object;)Ljava/lang/Object;+34
j  org.springframework.beans.factory.support.AbstractAutowireCapableBeanFactory.createBean(Ljava/lang/String;Lorg/springframework/beans/factory/support/RootBeanDefinition;[Ljava/lang/Object;)Ljava/lang/Object;+169
j  org.springframework.beans.factory.support.AbstractBeanFactory.lambda$doGetBean$0(Ljava/lang/String;Lorg/springframework/beans/factory/support/RootBeanDefinition;[Ljava/lang/Object;)Ljava/lang/Object;+4
j  org.springframework.beans.factory.support.AbstractBeanFactory$$Lambda$162.getObject()Ljava/lang/Object;+16
j  org.springframework.beans.factory.support.DefaultSingletonBeanRegistry.getSingleton(Ljava/lang/String;Lorg/springframework/beans/factory/ObjectFactory;)Ljava/lang/Object;+132
J 2595 C1 org.springframework.beans.factory.support.AbstractBeanFactory.doGetBean(Ljava/lang/String;Ljava/lang/Class;[Ljava/lang/Object;Z)Ljava/lang/Object; (874 bytes) @ 0x000001bc6bcc383c [0x000001bc6bcc3320+0x51c]
J 2605 C1 org.springframework.beans.factory.support.AbstractBeanFactory.getBean(Ljava/lang/String;Ljava/lang/Class;)Ljava/lang/Object; (9 bytes) @ 0x000001bc6bcce124 [0x000001bc6bcce0e0+0x44]
j  org.springframework.beans.factory.support.AbstractAutowireCapableBeanFactory.resolveBeanByName(Ljava/lang/String;Lorg/springframework/beans/factory/config/DependencyDescriptor;)Ljava/lang/Object;+11
j  org.springframework.context.annotation.CommonAnnotationBeanPostProcessor.autowireResource(Lorg/springframework/beans/factory/BeanFactory;Lorg/springframework/context/annotation/CommonAnnotationBeanPostProcessor$LookupElement;Ljava/lang/String;)Ljava/lang/Object;+99
j  org.springframework.context.annotation.CommonAnnotationBeanPostProcessor.getResource(Lorg/springframework/context/annotation/CommonAnnotationBeanPostProcessor$LookupElement;Ljava/lang/String;)Ljava/lang/Object;+81
j  org.springframework.context.annotation.CommonAnnotationBeanPostProcessor$ResourceElement.getResourceToInject(Ljava/lang/Object;Ljava/lang/String;)Ljava/lang/Object;+25
j  org.springframework.beans.factory.annotation.InjectionMetadata$InjectedElement.inject(Ljava/lang/Object;Ljava/lang/String;Lorg/springframework/beans/PropertyValues;)V+27
j  org.springframework.beans.factory.annotation.InjectionMetadata.inject(Ljava/lang/Object;Ljava/lang/String;Lorg/springframework/beans/PropertyValues;)V+116
j  org.springframework.context.annotation.CommonAnnotationBeanPostProcessor.postProcessProperties(Lorg/springframework/beans/PropertyValues;Ljava/lang/Object;Ljava/lang/String;)Lorg/springframework/beans/PropertyValues;+17
j  org.springframework.beans.factory.support.AbstractAutowireCapableBeanFactory.populateBean(Ljava/lang/String;Lorg/springframework/beans/factory/support/RootBeanDefinition;Lorg/springframework/beans/BeanWrapper;)V+289
j  org.springframework.beans.factory.support.AbstractAutowireCapableBeanFactory.doCreateBean(Ljava/lang/String;Lorg/springframework/beans/factory/support/RootBeanDefinition;[Ljava/lang/Object;)Ljava/lang/Object;+237
j  org.springframework.beans.factory.support.AbstractAutowireCapableBeanFactory.createBean(Ljava/lang/String;Lorg/springframework/beans/factory/support/RootBeanDefinition;[Ljava/lang/Object;)Ljava/lang/Object;+169
j  org.springframework.beans.factory.support.AbstractBeanFactory.lambda$doGetBean$0(Ljava/lang/String;Lorg/springframework/beans/factory/support/RootBeanDefinition;[Ljava/lang/Object;)Ljava/lang/Object;+4
j  org.springframework.beans.factory.support.AbstractBeanFactory$$Lambda$162.getObject()Ljava/lang/Object;+16
j  org.springframework.beans.factory.support.DefaultSingletonBeanRegistry.getSingleton(Ljava/lang/String;Lorg/springframework/beans/factory/ObjectFactory;)Ljava/lang/Object;+132
J 2595 C1 org.springframework.beans.factory.support.AbstractBeanFactory.doGetBean(Ljava/lang/String;Ljava/lang/Class;[Ljava/lang/Object;Z)Ljava/lang/Object; (874 bytes) @ 0x000001bc6bcc383c [0x000001bc6bcc3320+0x51c]
j  org.springframework.beans.factory.support.AbstractBeanFactory.getBean(Ljava/lang/String;)Ljava/lang/Object;+5
j  org.springframework.beans.factory.support.DefaultListableBeanFactory.preInstantiateSingletons()V+248
j  org.springframework.context.support.AbstractApplicationContext.finishBeanFactoryInitialization(Lorg/springframework/beans/factory/config/ConfigurableListableBeanFactory;)V+124
j  org.springframework.context.support.AbstractApplicationContext.refresh()V+54
j  org.springframework.boot.web.servlet.context.ServletWebServerApplicationContext.refresh()V+1
j  org.springframework.boot.SpringApplication.refresh(Lorg/springframework/context/ConfigurableApplicationContext;)V+1
j  org.springframework.boot.SpringApplication.refresh(Lorg/springframework/context/ApplicationContext;)V+11
j  org.springframework.boot.SpringApplication.refreshContext(Lorg/springframework/context/ConfigurableApplicationContext;)V+2
j  org.springframework.boot.SpringApplication.run([Ljava/lang/String;)Lorg/springframework/context/ConfigurableApplicationContext;+118
j  org.springframework.boot.SpringApplication.run([Ljava/lang/Class;[Ljava/lang/String;)Lorg/springframework/context/ConfigurableApplicationContext;+9
j  org.springframework.boot.SpringApplication.run(Ljava/lang/Class;[Ljava/lang/String;)Lorg/springframework/context/ConfigurableApplicationContext;+9
j  com.atguigu.srb.sms.ServiceSmsApplication.main([Ljava/lang/String;)V+3
v  ~StubRoutines::call_stub

---------------  P R O C E S S  ---------------

Java Threads: ( => current thread )
  0x000001bc0177d800 JavaThread "container-0" [_thread_blocked, id=404, stack(0x0000002a69b00000,0x0000002a69c00000)]
  0x000001bc0177d000 JavaThread "Catalina-utility-2" [_thread_blocked, id=8444, stack(0x0000002a69a00000,0x0000002a69b00000)]
  0x000001bc0177c000 JavaThread "Catalina-utility-1" [_thread_blocked, id=2120, stack(0x0000002a69900000,0x0000002a69a00000)]
  0x000001bc01105800 JavaThread "RMI Scheduler(0)" daemon [_thread_blocked, id=8560, stack(0x0000002a69800000,0x0000002a69900000)]
  0x000001bc0152d800 JavaThread "RMI TCP Connection(idle)" daemon [_thread_blocked, id=7036, stack(0x0000002a69700000,0x0000002a69800000)]
  0x000001bc019e1000 JavaThread "RMI TCP Accept-0" daemon [_thread_in_native, id=7784, stack(0x0000002a69500000,0x0000002a69600000)]
  0x000001bc01724800 JavaThread "Service Thread" daemon [_thread_blocked, id=13908, stack(0x0000002a69400000,0x0000002a69500000)]
  0x000001bc01721800 JavaThread "C1 CompilerThread2" daemon [_thread_blocked, id=13480, stack(0x0000002a69300000,0x0000002a69400000)]
  0x000001bc01716000 JavaThread "C2 CompilerThread1" daemon [_thread_blocked, id=20408, stack(0x0000002a69200000,0x0000002a69300000)]
  0x000001bc016b5800 JavaThread "C2 CompilerThread0" daemon [_thread_blocked, id=12436, stack(0x0000002a69100000,0x0000002a69200000)]
  0x000001bc016ad000 JavaThread "Monitor Ctrl-Break" daemon [_thread_in_native, id=18784, stack(0x0000002a69000000,0x0000002a69100000)]
  0x000001bc0017e000 JavaThread "Attach Listener" daemon [_thread_blocked, id=6844, stack(0x0000002a68f00000,0x0000002a69000000)]
  0x000001bc0012b000 JavaThread "Signal Dispatcher" daemon [_thread_blocked, id=13788, stack(0x0000002a68e00000,0x0000002a68f00000)]
  0x000001bc69adc000 JavaThread "Finalizer" daemon [_thread_blocked, id=6396, stack(0x0000002a68d00000,0x0000002a68e00000)]
  0x000001bc000f2000 JavaThread "Reference Handler" daemon [_thread_blocked, id=2396, stack(0x0000002a68c00000,0x0000002a68d00000)]
=>0x000001bc69a48800 JavaThread "main" [_thread_in_vm, id=8476, stack(0x0000002a68600000,0x0000002a68700000)]

Other Threads:
  0x000001bc69acd800 VMThread [stack: 0x0000002a68b00000,0x0000002a68c00000] [id=2356]
  0x000001bc019e4000 WatcherThread [stack: 0x0000002a69600000,0x0000002a69700000] [id=13036]

VM state:not at safepoint (normal execution)

VM Mutex/Monitor currently owned by a thread: None

OutOfMemory and StackOverflow Exception counts:
OutOfMemoryError java_heap_errors=1

heap address: 0x0000000082000000, size: 2016 MB, Compressed Oops mode: 32-bit
Narrow klass base: 0x0000000000000000, Narrow klass shift: 3
Compressed class space size: 1073741824 Address: 0x0000000100000000

Heap:
 PSYoungGen      total 128000K, used 43487K [0x00000000d6000000, 0x00000000de580000, 0x0000000100000000)
  eden space 119808K, 29% used [0x00000000d6000000,0x00000000d827db78,0x00000000dd500000)
  from space 8192K, 99% used [0x00000000dd580000,0x00000000ddd7a328,0x00000000ddd80000)
  to   space 7168K, 0% used [0x00000000dde80000,0x00000000dde80000,0x00000000de580000)
 ParOldGen       total 46080K, used 9823K [0x0000000082000000, 0x0000000084d00000, 0x00000000d6000000)
  object space 46080K, 21% used [0x0000000082000000,0x0000000082997df8,0x0000000084d00000)
 Metaspace       used 31685K, capacity 33402K, committed 33584K, reserved 1079296K
  class space    used 4245K, capacity 4583K, committed 4656K, reserved 1048576K

Card table byte_map: [0x000001bc7ab60000,0x000001bc7af60000] byte_map_base: 0x000001bc7a750000

Marking Bits: (ParMarkBitMap*) 0x00000000690ef7f0
 Begin Bits: [0x000001bc7b200000, 0x000001bc7d180000)
 End Bits:   [0x000001bc7d180000, 0x000001bc7f100000)

Polling page: 0x000001bc69990000

CodeCache: size=245760Kb used=6769Kb max_used=6769Kb free=238990Kb
 bounds [0x000001bc6b7a0000, 0x000001bc6be40000, 0x000001bc7a7a0000]
 total_blobs=3791 nmethods=3358 adapters=344
 compilation: enabled

Compilation events (10 events):
Event: 15.359 Thread 0x000001bc01721800 3354       1       io.netty.util.HashedWheelTimer$HashedWheelBucket::<init> (5 bytes)
Event: 15.359 Thread 0x000001bc01721800 nmethod 3354 0x000001bc6be39f10 code [0x000001bc6be3a060, 0x000001bc6be3a178]
Event: 15.359 Thread 0x000001bc01721800 3355       1       io.netty.util.HashedWheelTimer$HashedWheelBucket::<init> (5 bytes)
Event: 15.359 Thread 0x000001bc01721800 nmethod 3355 0x000001bc6be3a1d0 code [0x000001bc6be3a320, 0x000001bc6be3a438]
Event: 15.422 Thread 0x000001bc01721800 3357       1       java.lang.invoke.LambdaForm$MH/1157726741::linkToTargetMethod (13 bytes)
Event: 15.422 Thread 0x000001bc01721800 nmethod 3357 0x000001bc6be3ae10 code [0x000001bc6be3af80, 0x000001bc6be3b100]
Event: 15.448 Thread 0x000001bc01721800 3358       1       java.security.CodeSource::matchCerts (254 bytes)
Event: 15.449 Thread 0x000001bc01721800 nmethod 3358 0x000001bc6be3b450 code [0x000001bc6be3b600, 0x000001bc6be3ba60]
Event: 15.456 Thread 0x000001bc01721800 3359       1       java.lang.ClassLoader::compareCerts (149 bytes)
Event: 15.457 Thread 0x000001bc01721800 nmethod 3359 0x000001bc6be3be90 code [0x000001bc6be3c020, 0x000001bc6be3c360]

GC Heap History (10 events):
Event: 7.724 GC heap before
{Heap before GC invocations=6 (full 0):
 PSYoungGen      total 37888K, used 16740K [0x00000000d6000000, 0x00000000db100000, 0x0000000100000000)
  eden space 32768K, 35% used [0x00000000d6000000,0x00000000d6b5ba20,0x00000000d8000000)
  from space 5120K, 99% used [0x00000000d8000000,0x00000000d84fd6d0,0x00000000d8500000)
  to   space 8704K, 0% used [0x00000000da880000,0x00000000da880000,0x00000000db100000)
 ParOldGen       total 86016K, used 5235K [0x0000000082000000, 0x0000000087400000, 0x00000000d6000000)
  object space 86016K, 6% used [0x0000000082000000,0x000000008251ce10,0x0000000087400000)
 Metaspace       used 20373K, capacity 21188K, committed 21296K, reserved 1067008K
  class space    used 2640K, capacity 2844K, committed 2864K, reserved 1048576K
Event: 7.730 GC heap after
Heap after GC invocations=6 (full 0):
 PSYoungGen      total 73216K, used 6015K [0x00000000d6000000, 0x00000000db000000, 0x0000000100000000)
  eden space 65536K, 0% used [0x00000000d6000000,0x00000000d6000000,0x00000000da000000)
  from space 7680K, 78% used [0x00000000da880000,0x00000000dae5fd40,0x00000000db000000)
  to   space 8192K, 0% used [0x00000000da000000,0x00000000da000000,0x00000000da800000)
 ParOldGen       total 86016K, used 5243K [0x0000000082000000, 0x0000000087400000, 0x00000000d6000000)
  object space 86016K, 6% used [0x0000000082000000,0x000000008251ee10,0x0000000087400000)
 Metaspace       used 20373K, capacity 21188K, committed 21296K, reserved 1067008K
  class space    used 2640K, capacity 2844K, committed 2864K, reserved 1048576K
}
Event: 7.730 GC heap before
{Heap before GC invocations=7 (full 1):
 PSYoungGen      total 73216K, used 6015K [0x00000000d6000000, 0x00000000db000000, 0x0000000100000000)
  eden space 65536K, 0% used [0x00000000d6000000,0x00000000d6000000,0x00000000da000000)
  from space 7680K, 78% used [0x00000000da880000,0x00000000dae5fd40,0x00000000db000000)
  to   space 8192K, 0% used [0x00000000da000000,0x00000000da000000,0x00000000da800000)
 ParOldGen       total 86016K, used 5243K [0x0000000082000000, 0x0000000087400000, 0x00000000d6000000)
  object space 86016K, 6% used [0x0000000082000000,0x000000008251ee10,0x0000000087400000)
 Metaspace       used 20373K, capacity 21188K, committed 21296K, reserved 1067008K
  class space    used 2640K, capacity 2844K, committed 2864K, reserved 1048576K
Event: 7.764 GC heap after
Heap after GC invocations=7 (full 1):
 PSYoungGen      total 73216K, used 0K [0x00000000d6000000, 0x00000000db000000, 0x0000000100000000)
  eden space 65536K, 0% used [0x00000000d6000000,0x00000000d6000000,0x00000000da000000)
  from space 7680K, 0% used [0x00000000da880000,0x00000000da880000,0x00000000db000000)
  to   space 8192K, 0% used [0x00000000da000000,0x00000000da000000,0x00000000da800000)
 ParOldGen       total 46080K, used 6282K [0x0000000082000000, 0x0000000084d00000, 0x00000000d6000000)
  object space 46080K, 13% used [0x0000000082000000,0x00000000826228d0,0x0000000084d00000)
 Metaspace       used 20373K, capacity 21188K, committed 21296K, reserved 1067008K
  class space    used 2640K, capacity 2844K, committed 2864K, reserved 1048576K
}
Event: 11.386 GC heap before
{Heap before GC invocations=8 (full 1):
 PSYoungGen      total 73216K, used 65536K [0x00000000d6000000, 0x00000000db000000, 0x0000000100000000)
  eden space 65536K, 100% used [0x00000000d6000000,0x00000000da000000,0x00000000da000000)
  from space 7680K, 0% used [0x00000000da880000,0x00000000da880000,0x00000000db000000)
  to   space 8192K, 0% used [0x00000000da000000,0x00000000da000000,0x00000000da800000)
 ParOldGen       total 46080K, used 6282K [0x0000000082000000, 0x0000000084d00000, 0x00000000d6000000)
  object space 46080K, 13% used [0x0000000082000000,0x00000000826228d0,0x0000000084d00000)
 Metaspace       used 21858K, capacity 22808K, committed 22960K, reserved 1069056K
  class space    used 2898K, capacity 3146K, committed 3248K, reserved 1048576K
Event: 11.396 GC heap after
Heap after GC invocations=8 (full 1):
 PSYoungGen      total 73728K, used 5860K [0x00000000d6000000, 0x00000000de680000, 0x0000000100000000)
  eden space 65536K, 0% used [0x00000000d6000000,0x00000000d6000000,0x00000000da000000)
  from space 8192K, 71% used [0x00000000da000000,0x00000000da5b9038,0x00000000da800000)
  to   space 8192K, 0% used [0x00000000dde80000,0x00000000dde80000,0x00000000de680000)
 ParOldGen       total 46080K, used 6290K [0x0000000082000000, 0x0000000084d00000, 0x00000000d6000000)
  object space 46080K, 13% used [0x0000000082000000,0x00000000826248d0,0x0000000084d00000)
 Metaspace       used 21858K, capacity 22808K, committed 22960K, reserved 1069056K
  class space    used 2898K, capacity 3146K, committed 3248K, reserved 1048576K
}
Event: 12.643 GC heap before
{Heap before GC invocations=9 (full 1):
 PSYoungGen      total 73728K, used 71396K [0x00000000d6000000, 0x00000000de680000, 0x0000000100000000)
  eden space 65536K, 100% used [0x00000000d6000000,0x00000000da000000,0x00000000da000000)
  from space 8192K, 71% used [0x00000000da000000,0x00000000da5b9038,0x00000000da800000)
  to   space 8192K, 0% used [0x00000000dde80000,0x00000000dde80000,0x00000000de680000)
 ParOldGen       total 46080K, used 6290K [0x0000000082000000, 0x0000000084d00000, 0x00000000d6000000)
  object space 46080K, 13% used [0x0000000082000000,0x00000000826248d0,0x0000000084d00000)
 Metaspace       used 23671K, capacity 24670K, committed 25008K, reserved 1071104K
  class space    used 3148K, capacity 3405K, committed 3504K, reserved 1048576K
Event: 12.655 GC heap after
Heap after GC invocations=9 (full 1):
 PSYoungGen      total 126976K, used 6694K [0x00000000d6000000, 0x00000000de580000, 0x0000000100000000)
  eden space 119808K, 0% used [0x00000000d6000000,0x00000000d6000000,0x00000000dd500000)
  from space 7168K, 93% used [0x00000000dde80000,0x00000000de509be0,0x00000000de580000)
  to   space 8192K, 0% used [0x00000000dd580000,0x00000000dd580000,0x00000000ddd80000)
 ParOldGen       total 46080K, used 6298K [0x0000000082000000, 0x0000000084d00000, 0x00000000d6000000)
  object space 46080K, 13% used [0x0000000082000000,0x00000000826268d0,0x0000000084d00000)
 Metaspace       used 23671K, capacity 24670K, committed 25008K, reserved 1071104K
  class space    used 3148K, capacity 3405K, committed 3504K, reserved 1048576K
}
Event: 14.866 GC heap before
{Heap before GC invocations=10 (full 1):
 PSYoungGen      total 126976K, used 126502K [0x00000000d6000000, 0x00000000de580000, 0x0000000100000000)
  eden space 119808K, 100% used [0x00000000d6000000,0x00000000dd500000,0x00000000dd500000)
  from space 7168K, 93% used [0x00000000dde80000,0x00000000de509be0,0x00000000de580000)
  to   space 8192K, 0% used [0x00000000dd580000,0x00000000dd580000,0x00000000ddd80000)
 ParOldGen       total 46080K, used 6298K [0x0000000082000000, 0x0000000084d00000, 0x00000000d6000000)
  object space 46080K, 13% used [0x0000000082000000,0x00000000826268d0,0x0000000084d00000)
 Metaspace       used 29260K, capacity 30920K, committed 31152K, reserved 1077248K
  class space    used 3907K, capacity 4194K, committed 4272K, reserved 1048576K
Event: 14.882 GC heap after
Heap after GC invocations=10 (full 1):
 PSYoungGen      total 128000K, used 8168K [0x00000000d6000000, 0x00000000de580000, 0x0000000100000000)
  eden space 119808K, 0% used [0x00000000d6000000,0x00000000d6000000,0x00000000dd500000)
  from space 8192K, 99% used [0x00000000dd580000,0x00000000ddd7a328,0x00000000ddd80000)
  to   space 7168K, 0% used [0x00000000dde80000,0x00000000dde80000,0x00000000de580000)
 ParOldGen       total 46080K, used 9823K [0x0000000082000000, 0x0000000084d00000, 0x00000000d6000000)
  object space 46080K, 21% used [0x0000000082000000,0x0000000082997df8,0x0000000084d00000)
 Metaspace       used 29260K, capacity 30920K, committed 31152K, reserved 1077248K
  class space    used 3907K, capacity 4194K, committed 4272K, reserved 1048576K
}

Deoptimization events (0 events):
No events

Classes redefined (0 events):
No events

Internal exceptions (10 events):
Event: 14.292 Thread 0x000001bc69a48800 Exception <a 'java/lang/ArrayIndexOutOfBoundsException'> (0x00000000db404830) thrown at [C:\wsjdk\Corretto8Src\installers\windows\zip\corretto-build\buildRoot\src\hotspot\src\share\vm\runtime\sharedRuntime.cpp, line 609]
Event: 14.292 Thread 0x000001bc69a48800 Exception <a 'java/lang/ArrayIndexOutOfBoundsException'> (0x00000000db405b78) thrown at [C:\wsjdk\Corretto8Src\installers\windows\zip\corretto-build\buildRoot\src\hotspot\src\share\vm\runtime\sharedRuntime.cpp, line 609]
Event: 14.292 Thread 0x000001bc69a48800 Exception <a 'java/lang/ArrayIndexOutOfBoundsException'> (0x00000000db4073c0) thrown at [C:\wsjdk\Corretto8Src\installers\windows\zip\corretto-build\buildRoot\src\hotspot\src\share\vm\runtime\sharedRuntime.cpp, line 609]
Event: 14.962 Thread 0x000001bc69a48800 Exception <a 'java/io/FileNotFoundException'> (0x00000000d676fcd0) thrown at [C:\wsjdk\Corretto8Src\installers\windows\zip\corretto-build\buildRoot\src\hotspot\src\share\vm\prims\jni.cpp, line 711]
Event: 14.963 Thread 0x000001bc69a48800 Exception <a 'java/io/FileNotFoundException'> (0x00000000d6770d48) thrown at [C:\wsjdk\Corretto8Src\installers\windows\zip\corretto-build\buildRoot\src\hotspot\src\share\vm\prims\jni.cpp, line 711]
Event: 14.964 Thread 0x000001bc69a48800 Exception <a 'java/io/FileNotFoundException'> (0x00000000d6771dd0) thrown at [C:\wsjdk\Corretto8Src\installers\windows\zip\corretto-build\buildRoot\src\hotspot\src\share\vm\prims\jni.cpp, line 711]
Event: 15.045 Thread 0x000001bc0152d800 Exception <a 'java/lang/OutOfMemoryError': unable to create new native thread> (0x00000000d69d5008) thrown at [C:\wsjdk\Corretto8Src\installers\windows\zip\corretto-build\buildRoot\src\hotspot\src\share\vm\prims\jvm.cpp, line 3162]
Event: 15.203 Thread 0x000001bc69a48800 Exception <a 'java/io/FileNotFoundException'> (0x00000000d6f7c718) thrown at [C:\wsjdk\Corretto8Src\installers\windows\zip\corretto-build\buildRoot\src\hotspot\src\share\vm\prims\jni.cpp, line 711]
Event: 15.239 Thread 0x000001bc69a48800 Exception <a 'java/lang/ArrayIndexOutOfBoundsException'> (0x00000000d72de9d8) thrown at [C:\wsjdk\Corretto8Src\installers\windows\zip\corretto-build\buildRoot\src\hotspot\src\share\vm\runtime\sharedRuntime.cpp, line 609]
Event: 15.436 Thread 0x000001bc69a48800 Exception <a 'java/lang/NoSuchMethodError': java.lang.Object.lambda$static$0(Lio/netty/handler/ssl/SslContextBuilder;Ljava/lang/String;)V> (0x00000000d7e90768) thrown at [C:\wsjdk\Corretto8Src\installers\windows\zip\corretto-build\buildRoot\src\hotspot\sr

Events (10 events):
Event: 15.465 loading class org/springframework/data/redis/connection/ReactiveRedisClusterConnection
Event: 15.465 loading class org/springframework/data/redis/connection/ReactiveRedisClusterConnection done
Event: 15.466 loading class org/springframework/data/redis/connection/ReactiveClusterCommands
Event: 15.466 loading class org/springframework/data/redis/connection/ReactiveClusterCommands done
Event: 15.467 loading class org/springframework/data/redis/connection/RedisClusterConnection
Event: 15.467 loading class org/springframework/data/redis/connection/RedisClusterConnection done
Event: 15.468 loading class org/springframework/data/redis/connection/RedisClusterCommands
Event: 15.468 loading class org/springframework/data/redis/connection/RedisClusterCommands done
Event: 15.468 loading class org/springframework/data/redis/connection/RedisClusterServerCommands
Event: 15.468 loading class org/springframework/data/redis/connection/RedisClusterServerCommands done


Dynamic libraries:
0x00007ff6d30f0000 - 0x00007ff6d312a000 	D:\jdks\corretto-1.8.0_292\bin\java.exe
0x00007fffa1520000 - 0x00007fffa170d000 	C:\WINDOWS\SYSTEM32\ntdll.dll
0x00007fffa0db0000 - 0x00007fffa0e63000 	C:\WINDOWS\System32\KERNEL32.DLL
0x00007fff9d9f0000 - 0x00007fff9dc85000 	C:\WINDOWS\System32\KERNELBASE.dll
0x00007fffa00c0000 - 0x00007fffa0163000 	C:\WINDOWS\System32\ADVAPI32.dll
0x00007fffa0b30000 - 0x00007fffa0bce000 	C:\WINDOWS\System32\msvcrt.dll
0x00007fffa0180000 - 0x00007fffa021e000 	C:\WINDOWS\System32\sechost.dll
0x00007fff9fe50000 - 0x00007fff9ff72000 	C:\WINDOWS\System32\RPCRT4.dll
0x00007fffa0930000 - 0x00007fffa0ac7000 	C:\WINDOWS\System32\USER32.dll
0x00007fff9e4a0000 - 0x00007fff9e4c0000 	C:\WINDOWS\System32\win32u.dll
0x00007fffa0090000 - 0x00007fffa00b9000 	C:\WINDOWS\System32\GDI32.dll
0x00007fff9d7b0000 - 0x00007fff9d94c000 	C:\WINDOWS\System32\gdi32full.dll
0x00007fff9d950000 - 0x00007fff9d9f0000 	C:\WINDOWS\System32\msvcp_win.dll
0x00007fff9d6b0000 - 0x00007fff9d7aa000 	C:\WINDOWS\System32\ucrtbase.dll
0x00007fff8a830000 - 0x00007fff8aaa9000 	C:\WINDOWS\WinSxS\amd64_microsoft.windows.common-controls_6595b64144ccf1df_6.0.17763.1577_none_de7444545348a3d0\COMCTL32.dll
0x00007fffa0420000 - 0x00007fffa074d000 	C:\WINDOWS\System32\combase.dll
0x00007fff9e3f0000 - 0x00007fff9e46e000 	C:\WINDOWS\System32\bcryptPrimitives.dll
0x00007fffa0900000 - 0x00007fffa092e000 	C:\WINDOWS\System32\IMM32.DLL
0x00007fff8e500000 - 0x00007fff8e5ef000 	D:\jdks\corretto-1.8.0_292\jre\bin\msvcr120.dll
0x00007fff8e160000 - 0x00007fff8e206000 	D:\jdks\corretto-1.8.0_292\jre\bin\msvcp120.dll
0x0000000068900000 - 0x000000006916e000 	D:\jdks\corretto-1.8.0_292\jre\bin\server\jvm.dll
0x00007fffa0170000 - 0x00007fffa0178000 	C:\WINDOWS\System32\PSAPI.DLL
0x00007fff82fa0000 - 0x00007fff82fa9000 	C:\WINDOWS\SYSTEM32\WSOCK32.dll
0x00007fffa0bd0000 - 0x00007fffa0c3d000 	C:\WINDOWS\System32\WS2_32.dll
0x00007fff9af50000 - 0x00007fff9af74000 	C:\WINDOWS\SYSTEM32\WINMM.dll
0x00007fff91f50000 - 0x00007fff91f5a000 	C:\WINDOWS\SYSTEM32\VERSION.dll
0x00007fff9ae40000 - 0x00007fff9ae6d000 	C:\WINDOWS\SYSTEM32\WINMMBASE.dll
0x00007fff9e5f0000 - 0x00007fff9e63a000 	C:\WINDOWS\System32\cfgmgr32.dll
0x00007fff9ad50000 - 0x00007fff9ad5f000 	D:\jdks\corretto-1.8.0_292\jre\bin\verify.dll
0x00007fff9ad20000 - 0x00007fff9ad49000 	D:\jdks\corretto-1.8.0_292\jre\bin\java.dll
0x00007fff91510000 - 0x00007fff9153a000 	D:\jdks\corretto-1.8.0_292\jre\bin\instrument.dll
0x00007fff9a580000 - 0x00007fff9a596000 	D:\jdks\corretto-1.8.0_292\jre\bin\zip.dll
0x00007fff9e950000 - 0x00007fff9fe49000 	C:\WINDOWS\System32\SHELL32.dll
0x00007fff9ff80000 - 0x00007fffa0028000 	C:\WINDOWS\System32\shcore.dll
0x00007fff9dc90000 - 0x00007fff9e3e3000 	C:\WINDOWS\System32\windows.storage.dll
0x00007fff9d660000 - 0x00007fff9d684000 	C:\WINDOWS\System32\profapi.dll
0x00007fff9d5e0000 - 0x00007fff9d63d000 	C:\WINDOWS\System32\powrprof.dll
0x00007fffa0030000 - 0x00007fffa0082000 	C:\WINDOWS\System32\shlwapi.dll
0x00007fff9d690000 - 0x00007fff9d6a1000 	C:\WINDOWS\System32\kernel.appcore.dll
0x00007fff9e570000 - 0x00007fff9e587000 	C:\WINDOWS\System32\cryptsp.dll
0x00007fff8d750000 - 0x00007fff8d76a000 	D:\Program Files\JetBrains\IntelliJ IDEA 2021.2.2\bin\breakgen64.dll
0x00007fff991f0000 - 0x00007fff9920a000 	D:\jdks\corretto-1.8.0_292\jre\bin\net.dll
0x00007fff9cdf0000 - 0x00007fff9ce57000 	C:\WINDOWS\system32\mswsock.dll
0x00007fff9cb50000 - 0x00007fff9cc16000 	C:\WINDOWS\SYSTEM32\DNSAPI.dll
0x00007fffa14d0000 - 0x00007fffa14d8000 	C:\WINDOWS\System32\NSI.dll
0x00007fff9cb10000 - 0x00007fff9cb4d000 	C:\WINDOWS\SYSTEM32\IPHLPAPI.DLL
0x00000000696e0000 - 0x0000000069715000 	C:\Program Files\Bonjour\mdnsNSP.dll
0x00007fff8efa0000 - 0x00007fff8efaa000 	C:\Windows\System32\rasadhlp.dll
0x00007fff909b0000 - 0x00007fff90a29000 	C:\WINDOWS\System32\fwpuclnt.dll
0x00007fff9e470000 - 0x00007fff9e496000 	C:\WINDOWS\System32\bcrypt.dll
0x00007fff99500000 - 0x00007fff9950d000 	D:\jdks\corretto-1.8.0_292\jre\bin\management.dll
0x00007fff990d0000 - 0x00007fff990e2000 	D:\jdks\corretto-1.8.0_292\jre\bin\nio.dll
0x00007fff9c970000 - 0x00007fff9c9a3000 	C:\WINDOWS\system32\rsaenh.dll
0x00007fff9d4e0000 - 0x00007fff9d509000 	C:\WINDOWS\SYSTEM32\USERENV.dll
0x00007fff9cfc0000 - 0x00007fff9cfcc000 	C:\WINDOWS\SYSTEM32\CRYPTBASE.dll
0x00007fff91fd0000 - 0x00007fff91fe6000 	C:\WINDOWS\SYSTEM32\dhcpcsvc6.DLL
0x00007fff91fb0000 - 0x00007fff91fcc000 	C:\WINDOWS\SYSTEM32\dhcpcsvc.DLL
0x00007fff80aa0000 - 0x00007fff80ab6000 	C:\WINDOWS\system32\napinsp.dll
0x00007fff80a80000 - 0x00007fff80a9a000 	C:\WINDOWS\system32\pnrpnsp.dll
0x00007fff80a70000 - 0x00007fff80a7e000 	C:\WINDOWS\System32\winrnr.dll
0x00007fff9a5a0000 - 0x00007fff9a5bb000 	C:\WINDOWS\system32\NLAapi.dll
0x00007fff80a50000 - 0x00007fff80a65000 	C:\WINDOWS\system32\wshbth.dll

VM Arguments:
jvm_args: -XX:TieredStopAtLevel=1 -Xverify:none -Dspring.output.ansi.enabled=always -javaagent:D:\Program Files\JetBrains\IntelliJ IDEA 2021.2.2\lib\idea_rt.jar=62413:D:\Program Files\JetBrains\IntelliJ IDEA 2021.2.2\bin -Dcom.sun.management.jmxremote -Dspring.jmx.enabled=true -Dspring.liveBeansView.mbeanDomain -Dspring.application.admin.enabled=true -Dfile.encoding=UTF-8 
java_command: com.atguigu.srb.sms.ServiceSmsApplication
java_class_path (initial): D:\jdks\corretto-1.8.0_292\jre\lib\charsets.jar;D:\jdks\corretto-1.8.0_292\jre\lib\ext\access-bridge-64.jar;D:\jdks\corretto-1.8.0_292\jre\lib\ext\cldrdata.jar;D:\jdks\corretto-1.8.0_292\jre\lib\ext\dnsns.jar;D:\jdks\corretto-1.8.0_292\jre\lib\ext\jaccess.jar;D:\jdks\corretto-1.8.0_292\jre\lib\ext\jfxrt.jar;D:\jdks\corretto-1.8.0_292\jre\lib\ext\localedata.jar;D:\jdks\corretto-1.8.0_292\jre\lib\ext\nashorn.jar;D:\jdks\corretto-1.8.0_292\jre\lib\ext\sunec.jar;D:\jdks\corretto-1.8.0_292\jre\lib\ext\sunjce_provider.jar;D:\jdks\corretto-1.8.0_292\jre\lib\ext\sunmscapi.jar;D:\jdks\corretto-1.8.0_292\jre\lib\ext\sunpkcs11.jar;D:\jdks\corretto-1.8.0_292\jre\lib\ext\zipfs.jar;D:\jdks\corretto-1.8.0_292\jre\lib\jce.jar;D:\jdks\corretto-1.8.0_292\jre\lib\jfr.jar;D:\jdks\corretto-1.8.0_292\jre\lib\jfxswt.jar;D:\jdks\corretto-1.8.0_292\jre\lib\jsse.jar;D:\jdks\corretto-1.8.0_292\jre\lib\management-agent.jar;D:\jdks\corretto-1.8.0_292\jre\lib\resources.jar;D:\jdks\corretto-1.8.0_292\jre\lib\rt.jar;F:\easyfunding\srb\service-sms\target\classes;F:\easyfunding\srb\service-base\target\classes;F:\easyfunding\srb\guigu-common\target\classes;D:\development\maven\repository\org\springframework\spring-jdbc\5.2.9.RELEASE\spring-jdbc-5.2.9.RELEASE.jar;D:\development\maven\repository\org\springframework\spring-tx\5.2.9.RELEASE\spring-tx-5.2.9.RELEASE.jar;D:\development\maven\repository\io\springfox\springfox-swagger2\2.9.2\springfox-swagger2-2.9.2.jar;D:\development\maven\repository\io\swagger\swagger-annotations\1.5.20\swagger-annotations-1.5.20.jar;D:\development\maven\repository\io\swagger\swagger-models\1.5.20\swagger-models-1.5.20.jar;D:\development\maven\repository\io\springfox\springfox-spi\2.9.2\springfox-spi-2.9.2.jar;D:\development\maven\repository\io\springfox\springfox-core\2.9.2\springfox-core-2.9.2.jar;D:\development\maven\repository\io\springfox\springfox-schema\2.9.2\springfox-schema-2.9.2.jar;D:\development\maven\repository\io\springfox\springfo
Launcher Type: SUN_STANDARD

Environment Variables:
JAVA_HOME=D:\jdks\corretto-1.8.0_292
USERNAME=Gang
OS=Windows_NT
PROCESSOR_IDENTIFIER=Intel64 Family 6 Model 142 Stepping 9, GenuineIntel



---------------  S Y S T E M  ---------------

OS: Windows 10.0 , 64 bit Build 17763 (10.0.17763.475)

CPU:total 4 (initial active 4) (2 cores per cpu, 2 threads per core) family 6 model 142 stepping 9, cmov, cx8, fxsr, mmx, sse, sse2, sse3, ssse3, sse4.1, sse4.2, popcnt, avx, avx2, aes, clmul, erms, 3dnowpref, lzcnt, ht, tsc, tscinvbit, bmi1, bmi2, adx

Memory: 4k page, physical 8255388k(749092k free), swap 13325656k(3176k free)

vm_info: OpenJDK 64-Bit Server VM (25.292-b10) for windows-amd64 JRE (1.8.0_292-b10), built on Apr 14 2021 23:06:53 by "Administrator" with MS VC++ 12.0 (VS2013)

time: Fri Oct 01 16:29:23 2021
timezone: Eastern Daylight Time
elapsed time: 15.483191 seconds (0d 0h 0m 15s)

