#
# There is insufficient memory for the Java Runtime Environment to continue.
# Native memory allocation (malloc) failed to allocate 1112176 bytes for Chunk::new
# Possible reasons:
#   The system is out of physical RAM or swap space
#   The process is running with CompressedOops enabled, and the Java Heap may be blocking the growth of the native heap
# Possible solutions:
#   Reduce memory load on the system
#   Increase physical memory or swap space
#   Check if swap backing store is full
#   Decrease Java heap size (-Xmx/-Xms)
#   Decrease number of Java threads
#   Decrease Java thread stack sizes (-Xss)
#   Set larger code cache with -XX:ReservedCodeCacheSize=
#   JVM is running with Unscaled Compressed Oops mode in which the Java heap is
#     placed in the first 4GB address space. The Java Heap base address is the
#     maximum limit for the native heap growth. Please use -XX:HeapBaseMinAddress
#     to set the Java Heap base and to place the Java Heap above 4GB virtual address.
# This output file may be truncated or incomplete.
#
#  Out of Memory Error (allocation.cpp:389), pid=1412, tid=0x000000000000358c
#
# JRE version: OpenJDK Runtime Environment (8.0_292-b10) (build 1.8.0_292-b10)
# Java VM: OpenJDK 64-Bit Server VM (25.292-b10 mixed mode windows-amd64 compressed oops)
# Failed to write core dump. Minidumps are not enabled by default on client versions of Windows
#

---------------  T H R E A D  ---------------

Current thread (0x000001709e5e8800):  JavaThread "C2 CompilerThread1" daemon [_thread_in_native, id=13708, stack(0x0000002d31a00000,0x0000002d31b00000)]

Stack: [0x0000002d31a00000,0x0000002d31b00000]
[error occurred during error reporting (printing stack bounds), id 0xc0000005]

Native frames: (J=compiled Java code, j=interpreted, Vv=VM code, C=native code)


Current CompileTask:
C2:  14354 5286       4       com.sun.beans.TypeResolver::resolve (37 bytes)


---------------  P R O C E S S  ---------------

Java Threads: ( => current thread )
  0x00000170a0f27000 JavaThread "mysql-cj-abandoned-connection-cleanup" daemon [_thread_blocked, id=15676, stack(0x0000002d31e00000,0x0000002d31f00000)]
  0x000001709d589800 JavaThread "Service Thread" daemon [_thread_blocked, id=13884, stack(0x0000002d31c00000,0x0000002d31d00000)]
  0x000001709e629800 JavaThread "C1 CompilerThread2" daemon [_thread_blocked, id=16484, stack(0x0000002d31b00000,0x0000002d31c00000)]
=>0x000001709e5e8800 JavaThread "C2 CompilerThread1" daemon [_thread_in_native, id=13708, stack(0x0000002d31a00000,0x0000002d31b00000)]
  0x000001709e5e4800 JavaThread "C2 CompilerThread0" daemon [_thread_in_native, id=9532, stack(0x0000002d31900000,0x0000002d31a00000)]
  0x000001709e5dc000 JavaThread "Monitor Ctrl-Break" daemon [_thread_in_native, id=13372, stack(0x0000002d31800000,0x0000002d31900000)]
  0x000001709d4db800 JavaThread "Attach Listener" daemon [_thread_blocked, id=11068, stack(0x0000002d31700000,0x0000002d31800000)]
  0x000001709d530000 JavaThread "Signal Dispatcher" daemon [_thread_blocked, id=10820, stack(0x0000002d31600000,0x0000002d31700000)]
  0x000001709d4a8800 JavaThread "Finalizer" daemon [_thread_blocked, id=7000, stack(0x0000002d31500000,0x0000002d31600000)]
  0x000001709d4a1000 JavaThread "Reference Handler" daemon [_thread_blocked, id=4712, stack(0x0000002d31400000,0x0000002d31500000)]
  0x0000017086e48000 JavaThread "main" [_thread_in_Java, id=6700, stack(0x0000002d30e00000,0x0000002d30f00000)]

Other Threads:
  0x0000017086ed3000 VMThread [stack: 0x0000002d31300000,0x0000002d31400000] [id=13988]
  0x000001709d5a2800 WatcherThread [stack: 0x0000002d31d00000,0x0000002d31e00000] [id=15424]

VM state:not at safepoint (normal execution)

VM Mutex/Monitor currently owned by a thread: None

heap address: 0x0000000082000000, size: 2016 MB, Compressed Oops mode: 32-bit
Narrow klass base: 0x0000000000000000, Narrow klass shift: 3
Compressed class space size: 1073741824 Address: 0x0000000100000000

Heap:
 PSYoungGen      total 171520K, used 105932K [0x00000000d6000000, 0x00000000e1200000, 0x0000000100000000)
  eden space 161792K, 61% used [0x00000000d6000000,0x00000000dc1dac88,0x00000000dfe00000)
  from space 9728K, 58% used [0x00000000e0880000,0x00000000e0e18730,0x00000000e1200000)
  to   space 10240K, 0% used [0x00000000dfe00000,0x00000000dfe00000,0x00000000e0800000)
 ParOldGen       total 71168K, used 15935K [0x0000000082000000, 0x0000000086580000, 0x00000000d6000000)
  object space 71168K, 22% used [0x0000000082000000,0x0000000082f8ff20,0x0000000086580000)
 Metaspace       used 44929K, capacity 47496K, committed 47616K, reserved 1091584K
  class space    used 5865K, capacity 6332K, committed 6400K, reserved 1048576K

Card table byte_map: [0x0000017097f40000,0x0000017098340000] byte_map_base: 0x0000017097b30000

Marking Bits: (ParMarkBitMap*) 0x000000005260f7f0
 Begin Bits: [0x00000170985e0000, 0x000001709a560000)
 End Bits:   [0x000001709a560000, 0x000001709c4e0000)

Polling page: 0x0000017086d80000

CodeCache: size=245760Kb used=19048Kb max_used=19048Kb free=226711Kb
 bounds [0x0000017088b80000, 0x0000017089e30000, 0x0000017097b80000]
 total_blobs=5463 nmethods=4992 adapters=383
 compilation: enabled

Compilation events (10 events):
Event: 13.953 Thread 0x000001709e629800 5310       3       org.springframework.asm.ClassVisitor::visitMethod (24 bytes)
Event: 13.953 Thread 0x000001709e629800 nmethod 5310 0x0000017089e23110 code [0x0000017089e23280, 0x0000017089e234f0]
Event: 13.953 Thread 0x000001709e629800 5311       3       org.springframework.asm.ClassWriter::visitMethod (57 bytes)
Event: 13.954 Thread 0x000001709e629800 nmethod 5311 0x0000017089e235d0 code [0x0000017089e23740, 0x0000017089e23a30]
Event: 13.954 Thread 0x000001709e629800 5312       3       org.springframework.asm.MethodWriter::<init> (232 bytes)
Event: 13.955 Thread 0x000001709e629800 nmethod 5312 0x0000017089e23b50 code [0x0000017089e23d80, 0x0000017089e24c00]
Event: 13.955 Thread 0x000001709e629800 5313       3       org.springframework.cglib.core.CodeEmitter::end_method (7 bytes)
Event: 13.955 Thread 0x000001709e629800 nmethod 5313 0x0000017089e252d0 code [0x0000017089e25460, 0x0000017089e25870]
Event: 13.955 Thread 0x000001709e629800 5314       3       org.springframework.asm.MethodWriter::computeMethodInfoSize (557 bytes)
Event: 13.957 Thread 0x000001709e629800 nmethod 5314 0x0000017089e259d0 code [0x0000017089e25cc0, 0x0000017089e27450]

GC Heap History (10 events):
Event: 7.821 GC heap before
{Heap before GC invocations=10 (full 1):
 PSYoungGen      total 121344K, used 120830K [0x00000000d6000000, 0x00000000de000000, 0x0000000100000000)
  eden space 113152K, 100% used [0x00000000d6000000,0x00000000dce80000,0x00000000dce80000)
  from space 8192K, 93% used [0x00000000dd700000,0x00000000dde7faf8,0x00000000ddf00000)
  to   space 8704K, 0% used [0x00000000dce80000,0x00000000dce80000,0x00000000dd700000)
 ParOldGen       total 48640K, used 6601K [0x0000000082000000, 0x0000000084f80000, 0x00000000d6000000)
  object space 48640K, 13% used [0x0000000082000000,0x0000000082672498,0x0000000084f80000)
 Metaspace       used 31770K, capacity 33654K, committed 33792K, reserved 1079296K
  class space    used 4240K, capacity 4589K, committed 4608K, reserved 1048576K
Event: 7.836 GC heap after
Heap after GC invocations=10 (full 1):
 PSYoungGen      total 121856K, used 8681K [0x00000000d6000000, 0x00000000e1300000, 0x0000000100000000)
  eden space 113152K, 0% used [0x00000000d6000000,0x00000000d6000000,0x00000000dce80000)
  from space 8704K, 99% used [0x00000000dce80000,0x00000000dd6fa450,0x00000000dd700000)
  to   space 10752K, 0% used [0x00000000e0880000,0x00000000e0880000,0x00000000e1300000)
 ParOldGen       total 48640K, used 8880K [0x0000000082000000, 0x0000000084f80000, 0x00000000d6000000)
  object space 48640K, 18% used [0x0000000082000000,0x00000000828ac300,0x0000000084f80000)
 Metaspace       used 31770K, capacity 33654K, committed 33792K, reserved 1079296K
  class space    used 4240K, capacity 4589K, committed 4608K, reserved 1048576K
}
Event: 8.453 GC heap before
{Heap before GC invocations=11 (full 1):
 PSYoungGen      total 121856K, used 52514K [0x00000000d6000000, 0x00000000e1300000, 0x0000000100000000)
  eden space 113152K, 38% used [0x00000000d6000000,0x00000000d8ace538,0x00000000dce80000)
  from space 8704K, 99% used [0x00000000dce80000,0x00000000dd6fa450,0x00000000dd700000)
  to   space 10752K, 0% used [0x00000000e0880000,0x00000000e0880000,0x00000000e1300000)
 ParOldGen       total 48640K, used 8880K [0x0000000082000000, 0x0000000084f80000, 0x00000000d6000000)
  object space 48640K, 18% used [0x0000000082000000,0x00000000828ac300,0x0000000084f80000)
 Metaspace       used 33478K, capacity 35424K, committed 35496K, reserved 1079296K
  class space    used 4477K, capacity 4842K, committed 4864K, reserved 1048576K
Event: 8.465 GC heap after
Heap after GC invocations=11 (full 1):
 PSYoungGen      total 171520K, used 5389K [0x00000000d6000000, 0x00000000e1200000, 0x0000000100000000)
  eden space 161792K, 0% used [0x00000000d6000000,0x00000000d6000000,0x00000000dfe00000)
  from space 9728K, 55% used [0x00000000e0880000,0x00000000e0dc36b0,0x00000000e1200000)
  to   space 10240K, 0% used [0x00000000dfe00000,0x00000000dfe00000,0x00000000e0800000)
 ParOldGen       total 48640K, used 11852K [0x0000000082000000, 0x0000000084f80000, 0x00000000d6000000)
  object space 48640K, 24% used [0x0000000082000000,0x0000000082b93350,0x0000000084f80000)
 Metaspace       used 33478K, capacity 35424K, committed 35496K, reserved 1079296K
  class space    used 4477K, capacity 4842K, committed 4864K, reserved 1048576K
}
Event: 8.465 GC heap before
{Heap before GC invocations=12 (full 2):
 PSYoungGen      total 171520K, used 5389K [0x00000000d6000000, 0x00000000e1200000, 0x0000000100000000)
  eden space 161792K, 0% used [0x00000000d6000000,0x00000000d6000000,0x00000000dfe00000)
  from space 9728K, 55% used [0x00000000e0880000,0x00000000e0dc36b0,0x00000000e1200000)
  to   space 10240K, 0% used [0x00000000dfe00000,0x00000000dfe00000,0x00000000e0800000)
 ParOldGen       total 48640K, used 11852K [0x0000000082000000, 0x0000000084f80000, 0x00000000d6000000)
  object space 48640K, 24% used [0x0000000082000000,0x0000000082b93350,0x0000000084f80000)
 Metaspace       used 33478K, capacity 35424K, committed 35496K, reserved 1079296K
  class space    used 4477K, capacity 4842K, committed 4864K, reserved 1048576K
Event: 8.524 GC heap after
Heap after GC invocations=12 (full 2):
 PSYoungGen      total 171520K, used 0K [0x00000000d6000000, 0x00000000e1200000, 0x0000000100000000)
  eden space 161792K, 0% used [0x00000000d6000000,0x00000000d6000000,0x00000000dfe00000)
  from space 9728K, 0% used [0x00000000e0880000,0x00000000e0880000,0x00000000e1200000)
  to   space 10240K, 0% used [0x00000000dfe00000,0x00000000dfe00000,0x00000000e0800000)
 ParOldGen       total 71168K, used 13391K [0x0000000082000000, 0x0000000086580000, 0x00000000d6000000)
  object space 71168K, 18% used [0x0000000082000000,0x0000000082d13f20,0x0000000086580000)
 Metaspace       used 33478K, capacity 35424K, committed 35496K, reserved 1079296K
  class space    used 4477K, capacity 4842K, committed 4864K, reserved 1048576K
}
Event: 9.961 GC heap before
{Heap before GC invocations=13 (full 2):
 PSYoungGen      total 171520K, used 161792K [0x00000000d6000000, 0x00000000e1200000, 0x0000000100000000)
  eden space 161792K, 100% used [0x00000000d6000000,0x00000000dfe00000,0x00000000dfe00000)
  from space 9728K, 0% used [0x00000000e0880000,0x00000000e0880000,0x00000000e1200000)
  to   space 10240K, 0% used [0x00000000dfe00000,0x00000000dfe00000,0x00000000e0800000)
 ParOldGen       total 71168K, used 13391K [0x0000000082000000, 0x0000000086580000, 0x00000000d6000000)
  object space 71168K, 18% used [0x0000000082000000,0x0000000082d13f20,0x0000000086580000)
 Metaspace       used 36835K, capacity 38982K, committed 39040K, reserved 1083392K
  class space    used 4850K, capacity 5241K, committed 5248K, reserved 1048576K
Event: 9.968 GC heap after
Heap after GC invocations=13 (full 2):
 PSYoungGen      total 172032K, used 3628K [0x00000000d6000000, 0x00000000e1200000, 0x0000000100000000)
  eden space 161792K, 0% used [0x00000000d6000000,0x00000000d6000000,0x00000000dfe00000)
  from space 10240K, 35% used [0x00000000dfe00000,0x00000000e018b250,0x00000000e0800000)
  to   space 9728K, 0% used [0x00000000e0880000,0x00000000e0880000,0x00000000e1200000)
 ParOldGen       total 71168K, used 13399K [0x0000000082000000, 0x0000000086580000, 0x00000000d6000000)
  object space 71168K, 18% used [0x0000000082000000,0x0000000082d15f20,0x0000000086580000)
 Metaspace       used 36835K, capacity 38982K, committed 39040K, reserved 1083392K
  class space    used 4850K, capacity 5241K, committed 5248K, reserved 1048576K
}
Event: 12.695 GC heap before
{Heap before GC invocations=14 (full 2):
 PSYoungGen      total 172032K, used 165420K [0x00000000d6000000, 0x00000000e1200000, 0x0000000100000000)
  eden space 161792K, 100% used [0x00000000d6000000,0x00000000dfe00000,0x00000000dfe00000)
  from space 10240K, 35% used [0x00000000dfe00000,0x00000000e018b250,0x00000000e0800000)
  to   space 9728K, 0% used [0x00000000e0880000,0x00000000e0880000,0x00000000e1200000)
 ParOldGen       total 71168K, used 13399K [0x0000000082000000, 0x0000000086580000, 0x00000000d6000000)
  object space 71168K, 18% used [0x0000000082000000,0x0000000082d15f20,0x0000000086580000)
 Metaspace       used 39529K, capacity 41864K, committed 41984K, reserved 1085440K
  class space    used 5128K, capacity 5570K, committed 5632K, reserved 1048576K
Event: 12.706 GC heap after
Heap after GC invocations=14 (full 2):
 PSYoungGen      total 171520K, used 5729K [0x00000000d6000000, 0x00000000e1200000, 0x0000000100000000)
  eden space 161792K, 0% used [0x00000000d6000000,0x00000000d6000000,0x00000000dfe00000)
  from space 9728K, 58% used [0x00000000e0880000,0x00000000e0e18730,0x00000000e1200000)
  to   space 10240K, 0% used [0x00000000dfe00000,0x00000000dfe00000,0x00000000e0800000)
 ParOldGen       total 71168K, used 15935K [0x0000000082000000, 0x0000000086580000, 0x00000000d6000000)
  object space 71168K, 22% used [0x0000000082000000,0x0000000082f8ff20,0x0000000086580000)
 Metaspace       used 39529K, capacity 41864K, committed 41984K, reserved 1085440K
  class space    used 5128K, capacity 5570K, committed 5632K, reserved 1048576K
}

Deoptimization events (10 events):
Event: 13.087 Thread 0x0000017086e48000 Uncommon trap: reason=class_check action=maybe_recompile pc=0x0000017089b011c0 method=java.util.Formatter$FormatSpecifier.printString(Ljava/lang/Object;Ljava/util/Locale;)V @ 98
Event: 13.088 Thread 0x0000017086e48000 Uncommon trap: reason=class_check action=maybe_recompile pc=0x0000017089a9b46c method=java.util.Formatter$FormatSpecifier.printString(Ljava/lang/Object;Ljava/util/Locale;)V @ 98
Event: 13.212 Thread 0x0000017086e48000 Uncommon trap: reason=class_check action=maybe_recompile pc=0x0000017089939138 method=java.util.regex.Pattern$Curly.match(Ljava/util/regex/Matcher;ILjava/lang/CharSequence;)Z @ 19
Event: 13.212 Thread 0x0000017086e48000 Uncommon trap: reason=class_check action=maybe_recompile pc=0x0000017089939138 method=java.util.regex.Pattern$Curly.match(Ljava/util/regex/Matcher;ILjava/lang/CharSequence;)Z @ 19
Event: 13.212 Thread 0x0000017086e48000 Uncommon trap: reason=class_check action=maybe_recompile pc=0x0000017089939138 method=java.util.regex.Pattern$Curly.match(Ljava/util/regex/Matcher;ILjava/lang/CharSequence;)Z @ 19
Event: 13.212 Thread 0x0000017086e48000 Uncommon trap: reason=class_check action=maybe_recompile pc=0x0000017089939138 method=java.util.regex.Pattern$Curly.match(Ljava/util/regex/Matcher;ILjava/lang/CharSequence;)Z @ 19
Event: 13.218 Thread 0x0000017086e48000 Uncommon trap: reason=bimorphic action=maybe_recompile pc=0x0000017089930840 method=java.util.regex.Pattern$Branch.match(Ljava/util/regex/Matcher;ILjava/lang/CharSequence;)Z @ 50
Event: 13.220 Thread 0x0000017086e48000 Uncommon trap: reason=unstable_if action=reinterpret pc=0x00000170892bba98 method=java.io.WinNTFileSystem.isLetter(C)Z @ 3
Event: 13.221 Thread 0x0000017086e48000 Uncommon trap: reason=unstable_if action=reinterpret pc=0x000001708931523c method=java.io.WinNTFileSystem.prefixLength(Ljava/lang/String;)I @ 42
Event: 13.221 Thread 0x0000017086e48000 Uncommon trap: reason=unstable_if action=reinterpret pc=0x00000170892eebf4 method=java.io.WinNTFileSystem.isLetter(C)Z @ 3

Classes redefined (0 events):
No events

Internal exceptions (10 events):
Event: 13.928 Thread 0x0000017086e48000 Exception <a 'java/lang/ClassNotFoundException': org/springframework/core/OrderedCustomizer> (0x00000000dbe413f8) thrown at [C:\wsjdk\Corretto8Src\installers\windows\zip\corretto-build\buildRoot\src\hotspot\src\share\vm\classfile\systemDictionary.cpp, lin
Event: 13.929 Thread 0x0000017086e48000 Exception <a 'java/lang/ClassNotFoundException': org/springframework/beans/factory/BeanNameAwareCustomizer> (0x00000000dbe6a328) thrown at [C:\wsjdk\Corretto8Src\installers\windows\zip\corretto-build\buildRoot\src\hotspot\src\share\vm\classfile\systemDict
Event: 13.930 Thread 0x0000017086e48000 Exception <a 'java/lang/ClassNotFoundException': org/springframework/beans/factory/AwareCustomizer> (0x00000000dbe8fa98) thrown at [C:\wsjdk\Corretto8Src\installers\windows\zip\corretto-build\buildRoot\src\hotspot\src\share\vm\classfile\systemDictionary.c
Event: 13.930 Thread 0x0000017086e48000 Exception <a 'java/lang/ClassNotFoundException': org/springframework/web/context/ServletContextAwareCustomizer> (0x00000000dbeba3a0) thrown at [C:\wsjdk\Corretto8Src\installers\windows\zip\corretto-build\buildRoot\src\hotspot\src\share\vm\classfile\system
Event: 13.931 Thread 0x0000017086e48000 Exception <a 'java/lang/ClassNotFoundException': org/springframework/beans/factory/AwareCustomizer> (0x00000000dbedfba0) thrown at [C:\wsjdk\Corretto8Src\installers\windows\zip\corretto-build\buildRoot\src\hotspot\src\share\vm\classfile\systemDictionary.c
Event: 13.932 Thread 0x0000017086e48000 Exception <a 'java/lang/ClassNotFoundException': org/springframework/context/ApplicationContextAwareCustomizer> (0x00000000dbf0a420) thrown at [C:\wsjdk\Corretto8Src\installers\windows\zip\corretto-build\buildRoot\src\hotspot\src\share\vm\classfile\system
Event: 13.933 Thread 0x0000017086e48000 Exception <a 'java/lang/ClassNotFoundException': org/springframework/beans/factory/AwareCustomizer> (0x00000000dbf301b8) thrown at [C:\wsjdk\Corretto8Src\installers\windows\zip\corretto-build\buildRoot\src\hotspot\src\share\vm\classfile\systemDictionary.c
Event: 14.033 Thread 0x0000017086e48000 Exception <a 'java/lang/ClassNotFoundException': java/lang/ObjectCustomizer> (0x00000000dc0f12e8) thrown at [C:\wsjdk\Corretto8Src\installers\windows\zip\corretto-build\buildRoot\src\hotspot\src\share\vm\classfile\systemDictionary.cpp, line 217]
Event: 14.066 Thread 0x0000017086e48000 Exception <a 'java/lang/ClassNotFoundException': springfox/documentation/spring/web/plugins/DocketCustomizer> (0x00000000dc11ecf8) thrown at [C:\wsjdk\Corretto8Src\installers\windows\zip\corretto-build\buildRoot\src\hotspot\src\share\vm\classfile\systemDi
Event: 14.070 Thread 0x0000017086e48000 Exception <a 'java/lang/ClassNotFoundException': springfox/documentation/spi/service/DocumentationPluginCustomizer> (0x00000000dc18abf8) thrown at [C:\wsjdk\Corretto8Src\installers\windows\zip\corretto-build\buildRoot\src\hotspot\src\share\vm\classfile\sy

Events (10 events):
Event: 14.068 loading class springfox/documentation/spi/service/contexts/SecurityContext
Event: 14.068 loading class springfox/documentation/spi/service/contexts/SecurityContext done
Event: 14.069 loading class springfox/documentation/spi/service/DocumentationPluginCustomizer
Event: 14.069 loading class springfox/documentation/spi/service/DocumentationPluginCustomizer done
Event: 14.070 loading class springfox/documentation/spi/service/DocumentationPluginCustomizer
Event: 14.070 loading class springfox/documentation/spi/service/DocumentationPluginCustomizer done
Event: 14.070 loading class springfox/documentation/spi/service/DocumentationPluginCustomizer
Event: 14.070 loading class springfox/documentation/spi/service/DocumentationPluginCustomizer done
Event: 14.070 loading class org/springframework/plugin/core/PluginCustomizer
Event: 14.070 loading class org/springframework/plugin/core/PluginCustomizer done


Dynamic libraries:
0x00007ff647970000 - 0x00007ff6479aa000 	D:\jdks\corretto-1.8.0_292\bin\java.exe
0x00007ffe2e580000 - 0x00007ffe2e76d000 	C:\WINDOWS\SYSTEM32\ntdll.dll
0x00007ffe2b990000 - 0x00007ffe2ba43000 	C:\WINDOWS\System32\KERNEL32.DLL
0x00007ffe2aa20000 - 0x00007ffe2acb5000 	C:\WINDOWS\System32\KERNELBASE.dll
0x00007ffe2c230000 - 0x00007ffe2c2d3000 	C:\WINDOWS\System32\ADVAPI32.dll
0x00007ffe2ba80000 - 0x00007ffe2bb1e000 	C:\WINDOWS\System32\msvcrt.dll
0x00007ffe2c300000 - 0x00007ffe2c39e000 	C:\WINDOWS\System32\sechost.dll
0x00007ffe2e420000 - 0x00007ffe2e542000 	C:\WINDOWS\System32\RPCRT4.dll
0x00007ffe2e280000 - 0x00007ffe2e417000 	C:\WINDOWS\System32\USER32.dll
0x00007ffe2aa00000 - 0x00007ffe2aa20000 	C:\WINDOWS\System32\win32u.dll
0x00007ffe2ba50000 - 0x00007ffe2ba79000 	C:\WINDOWS\System32\GDI32.dll
0x00007ffe2b550000 - 0x00007ffe2b6ec000 	C:\WINDOWS\System32\gdi32full.dll
0x00007ffe2a730000 - 0x00007ffe2a7d0000 	C:\WINDOWS\System32\msvcp_win.dll
0x00007ffe2b420000 - 0x00007ffe2b51a000 	C:\WINDOWS\System32\ucrtbase.dll
0x00007ffe13a70000 - 0x00007ffe13ce9000 	C:\WINDOWS\WinSxS\amd64_microsoft.windows.common-controls_6595b64144ccf1df_6.0.17763.1577_none_de7444545348a3d0\COMCTL32.dll
0x00007ffe2c4b0000 - 0x00007ffe2c7dd000 	C:\WINDOWS\System32\combase.dll
0x00007ffe2a6b0000 - 0x00007ffe2a72e000 	C:\WINDOWS\System32\bcryptPrimitives.dll
0x00007ffe2ca50000 - 0x00007ffe2ca7e000 	C:\WINDOWS\System32\IMM32.DLL
0x00007ffe1ab00000 - 0x00007ffe1abef000 	D:\jdks\corretto-1.8.0_292\jre\bin\msvcr120.dll
0x00007ffe1af50000 - 0x00007ffe1aff6000 	D:\jdks\corretto-1.8.0_292\jre\bin\msvcp120.dll
0x0000000051e20000 - 0x000000005268e000 	D:\jdks\corretto-1.8.0_292\jre\bin\server\jvm.dll
0x00007ffe2c2f0000 - 0x00007ffe2c2f8000 	C:\WINDOWS\System32\PSAPI.DLL
0x00007ffe0b5b0000 - 0x00007ffe0b5b9000 	C:\WINDOWS\SYSTEM32\WSOCK32.dll
0x00007ffe2cc90000 - 0x00007ffe2ccfd000 	C:\WINDOWS\System32\WS2_32.dll
0x00007ffe27dd0000 - 0x00007ffe27df4000 	C:\WINDOWS\SYSTEM32\WINMM.dll
0x00007ffe1d2a0000 - 0x00007ffe1d2aa000 	C:\WINDOWS\SYSTEM32\VERSION.dll
0x00007ffe27da0000 - 0x00007ffe27dcd000 	C:\WINDOWS\SYSTEM32\WINMMBASE.dll
0x00007ffe2a9b0000 - 0x00007ffe2a9fa000 	C:\WINDOWS\System32\cfgmgr32.dll
0x00007ffe26410000 - 0x00007ffe2641f000 	D:\jdks\corretto-1.8.0_292\jre\bin\verify.dll
0x00007ffe263e0000 - 0x00007ffe26409000 	D:\jdks\corretto-1.8.0_292\jre\bin\java.dll
0x00007ffe1b3e0000 - 0x00007ffe1b40a000 	D:\jdks\corretto-1.8.0_292\jre\bin\instrument.dll
0x00007ffe263c0000 - 0x00007ffe263d6000 	D:\jdks\corretto-1.8.0_292\jre\bin\zip.dll
0x00007ffe2cd60000 - 0x00007ffe2e259000 	C:\WINDOWS\System32\SHELL32.dll
0x00007ffe2c840000 - 0x00007ffe2c8e8000 	C:\WINDOWS\System32\shcore.dll
0x00007ffe2acc0000 - 0x00007ffe2b413000 	C:\WINDOWS\System32\windows.storage.dll
0x00007ffe2a5e0000 - 0x00007ffe2a604000 	C:\WINDOWS\System32\profapi.dll
0x00007ffe2a610000 - 0x00007ffe2a66d000 	C:\WINDOWS\System32\powrprof.dll
0x00007ffe2cd00000 - 0x00007ffe2cd52000 	C:\WINDOWS\System32\shlwapi.dll
0x00007ffe2a670000 - 0x00007ffe2a681000 	C:\WINDOWS\System32\kernel.appcore.dll
0x00007ffe2b800000 - 0x00007ffe2b817000 	C:\WINDOWS\System32\cryptsp.dll
0x00007ffe1c540000 - 0x00007ffe1c55a000 	D:\Program Files\JetBrains\IntelliJ IDEA 2021.2.2\bin\breakgen64.dll
0x00007ffe1cd70000 - 0x00007ffe1cd8a000 	D:\jdks\corretto-1.8.0_292\jre\bin\net.dll
0x00007ffe29df0000 - 0x00007ffe29e57000 	C:\WINDOWS\system32\mswsock.dll
0x00007ffe1cd50000 - 0x00007ffe1cd62000 	D:\jdks\corretto-1.8.0_292\jre\bin\nio.dll
0x00007ffe23860000 - 0x00007ffe2386d000 	D:\jdks\corretto-1.8.0_292\jre\bin\management.dll
0x00007ffe078c0000 - 0x00007ffe078d6000 	C:\WINDOWS\system32\napinsp.dll
0x00007ffe078a0000 - 0x00007ffe078ba000 	C:\WINDOWS\system32\pnrpnsp.dll
0x00007ffe29b50000 - 0x00007ffe29c16000 	C:\WINDOWS\SYSTEM32\DNSAPI.dll
0x00007ffe2ca40000 - 0x00007ffe2ca48000 	C:\WINDOWS\System32\NSI.dll
0x00007ffe29b10000 - 0x00007ffe29b4d000 	C:\WINDOWS\SYSTEM32\IPHLPAPI.DLL
0x00007ffe075a0000 - 0x00007ffe075ae000 	C:\WINDOWS\System32\winrnr.dll
0x00007ffe26880000 - 0x00007ffe2689b000 	C:\WINDOWS\system32\NLAapi.dll
0x00007ffe07580000 - 0x00007ffe07595000 	C:\WINDOWS\system32\wshbth.dll
0x00000000528f0000 - 0x0000000052925000 	C:\Program Files\Bonjour\mdnsNSP.dll
0x00007ffe1d210000 - 0x00007ffe1d21a000 	C:\Windows\System32\rasadhlp.dll
0x00007ffe1c320000 - 0x00007ffe1c399000 	C:\WINDOWS\System32\fwpuclnt.dll
0x00007ffe2b520000 - 0x00007ffe2b546000 	C:\WINDOWS\System32\bcrypt.dll
0x00007ffe1e430000 - 0x00007ffe1e446000 	C:\WINDOWS\SYSTEM32\dhcpcsvc6.DLL
0x00007ffe1e410000 - 0x00007ffe1e42c000 	C:\WINDOWS\SYSTEM32\dhcpcsvc.DLL

VM Arguments:
jvm_args: -ea -Didea.test.cyclic.buffer.size=1048576 -javaagent:D:\Program Files\JetBrains\IntelliJ IDEA 2021.2.2\lib\idea_rt.jar=62112:D:\Program Files\JetBrains\IntelliJ IDEA 2021.2.2\bin -Dfile.encoding=UTF-8 
java_command: com.intellij.rt.junit.JUnitStarter -ideVersion5 -junit5 com.atguigu.srb.core.RedisTemplateTests,saveDict
java_class_path (initial): D:\development\maven\repository\org\junit\platform\junit-platform-launcher\1.6.2\junit-platform-launcher-1.6.2.jar;D:\Program Files\JetBrains\IntelliJ IDEA 2021.2.2\lib\idea_rt.jar;D:\Program Files\JetBrains\IntelliJ IDEA 2021.2.2\plugins\junit\lib\junit5-rt.jar;D:\Program Files\JetBrains\IntelliJ IDEA 2021.2.2\plugins\junit\lib\junit-rt.jar;D:\jdks\corretto-1.8.0_292\jre\lib\charsets.jar;D:\jdks\corretto-1.8.0_292\jre\lib\ext\access-bridge-64.jar;D:\jdks\corretto-1.8.0_292\jre\lib\ext\cldrdata.jar;D:\jdks\corretto-1.8.0_292\jre\lib\ext\dnsns.jar;D:\jdks\corretto-1.8.0_292\jre\lib\ext\jaccess.jar;D:\jdks\corretto-1.8.0_292\jre\lib\ext\jfxrt.jar;D:\jdks\corretto-1.8.0_292\jre\lib\ext\localedata.jar;D:\jdks\corretto-1.8.0_292\jre\lib\ext\nashorn.jar;D:\jdks\corretto-1.8.0_292\jre\lib\ext\sunec.jar;D:\jdks\corretto-1.8.0_292\jre\lib\ext\sunjce_provider.jar;D:\jdks\corretto-1.8.0_292\jre\lib\ext\sunmscapi.jar;D:\jdks\corretto-1.8.0_292\jre\lib\ext\sunpkcs11.jar;D:\jdks\corretto-1.8.0_292\jre\lib\ext\zipfs.jar;D:\jdks\corretto-1.8.0_292\jre\lib\jce.jar;D:\jdks\corretto-1.8.0_292\jre\lib\jfr.jar;D:\jdks\corretto-1.8.0_292\jre\lib\jfxswt.jar;D:\jdks\corretto-1.8.0_292\jre\lib\jsse.jar;D:\jdks\corretto-1.8.0_292\jre\lib\management-agent.jar;D:\jdks\corretto-1.8.0_292\jre\lib\resources.jar;D:\jdks\corretto-1.8.0_292\jre\lib\rt.jar;F:\easyfunding\srb\service-core\target\test-classes;F:\easyfunding\srb\service-core\target\classes;F:\easyfunding\srb\service-base\target\classes;F:\easyfunding\srb\guigu-common\target\classes;D:\development\maven\repository\org\springframework\boot\spring-boot-starter-web\2.3.4.RELEASE\spring-boot-starter-web-2.3.4.RELEASE.jar;D:\development\maven\repository\org\springframework\boot\spring-boot-starter-json\2.3.4.RELEASE\spring-boot-starter-json-2.3.4.RELEASE.jar;D:\development\maven\repository\com\fasterxml\jackson\datatype\jackson-datatype-jdk8\2.11.2\jackson-datatype-jdk8-2.11.2.jar;D:\development\maven\repository\c
Launcher Type: SUN_STANDARD

Environment Variables:
JAVA_HOME=D:\jdks\corretto-1.8.0_292
USERNAME=Gang
OS=Windows_NT
PROCESSOR_IDENTIFIER=Intel64 Family 6 Model 142 Stepping 9, GenuineIntel



---------------  S Y S T E M  ---------------

OS: Windows 10.0 , 64 bit Build 17763 (10.0.17763.475)

CPU:total 4 (initial active 4) (2 cores per cpu, 2 threads per core) family 6 model 142 stepping 9, cmov, cx8, fxsr, mmx, sse, sse2, sse3, ssse3, sse4.1, sse4.2, popcnt, avx, avx2, aes, clmul, erms, 3dnowpref, lzcnt, ht, tsc, tscinvbit, bmi1, bmi2, adx

Memory: 4k page, physical 8255388k(342336k free), swap 13401808k(5308k free)

vm_info: OpenJDK 64-Bit Server VM (25.292-b10) for windows-amd64 JRE (1.8.0_292-b10), built on Apr 14 2021 23:06:53 by "Administrator" with MS VC++ 12.0 (VS2013)

time: Tue Sep 28 13:36:22 2021
timezone: Eastern Daylight Time
elapsed time: 14.365425 seconds (0d 0h 0m 14s)

